2025-04-07 14:15:32,583 - INFO - Split text in into 597 sub-documents.
2025-04-07 14:15:50,924 - INFO - Created id: 3595b3b5-6c02-4723-aba3-916c088841b2
2025-04-07 14:15:50,925 - INFO - Created id: eddff809-6d04-4802-ab52-74555870c2df
2025-04-07 14:15:50,925 - INFO - Created id: fdca3b0d-531d-4555-b8b8-da9252a6fff5
2025-04-07 14:15:50,925 - INFO - Created id: a55c0891-5d5a-4c5b-a808-9706430785a9
2025-04-07 14:15:50,925 - INFO - Created id: 577d6f13-018b-4c09-b6f7-64a8de648f93
2025-04-07 14:15:50,925 - INFO - Created id: 5849890c-ddce-4163-9708-aa99cf7543ba
2025-04-07 14:15:50,925 - INFO - Created id: 749f415a-788d-4a22-bb44-74c58015325c
2025-04-07 14:15:50,925 - INFO - Created id: 18f01fa6-9565-45bc-82c6-1f2ee54f6cb6
2025-04-07 14:15:50,925 - INFO - Created id: fa08df4e-dda5-45af-9141-76e16feb7bc6
2025-04-07 14:15:50,925 - INFO - Created id: 2a7bd3c7-95f6-4e5c-add6-e6b4a17cc12e
2025-04-07 14:15:50,925 - INFO - Created id: 672ec3c1-047c-48fd-a89d-5546846b2b9c
2025-04-07 14:15:50,925 - INFO - Created id: 5ee8f2f7-de1e-4158-9813-5181c7e8104b
2025-04-07 14:15:50,925 - INFO - Created id: 4c52fefa-676a-42ed-8cd9-805ab6027eb5
2025-04-07 14:15:50,925 - INFO - Created id: 2cb80f2a-f1a2-4950-9085-f7a1e8481c91
2025-04-07 14:15:50,925 - INFO - Created id: 78a48e61-4733-4673-bcca-525a9fde626e
2025-04-07 14:15:50,925 - INFO - Created id: 87064815-d49e-415d-b157-88e8ddfbc6c6
2025-04-07 14:15:50,925 - INFO - Created id: 131fbd82-d40d-48bd-b0cf-f52e4d91bca2
2025-04-07 14:15:50,925 - INFO - Created id: 53ccbf52-ce99-4b1b-a778-15f94d836b15
2025-04-07 14:15:50,925 - INFO - Created id: b86cbfd8-66ad-4788-ae1e-82990d0b5baf
2025-04-07 14:15:50,925 - INFO - Created id: 5d5d9818-9e67-48b4-9f71-eb21b6393086
2025-04-07 14:15:50,925 - INFO - Created id: b556f729-ebf9-45f1-bb15-d4bb8a44a482
2025-04-07 14:15:50,925 - INFO - Created id: 4e10777e-da5d-4e3d-b376-a9b86c53600c
2025-04-07 14:15:50,925 - INFO - Created id: e688a03f-7182-46b0-a63e-1825ec951170
2025-04-07 14:15:50,925 - INFO - Created id: 1904b87e-ac1c-423f-9529-69cd5323b2e8
2025-04-07 14:15:50,925 - INFO - Created id: e202330a-a021-4a37-b65d-bdc997abc820
2025-04-07 14:15:50,925 - INFO - Created id: 03e6b53f-0c8a-49f8-a509-ec9cc28c4418
2025-04-07 14:15:50,925 - INFO - Created id: 6b0b9e0e-6b03-48b8-ad02-7adaeb371b5a
2025-04-07 14:15:50,925 - INFO - Created id: 8fcc0264-9380-4690-a6ca-9b2d6f61a367
2025-04-07 14:15:50,925 - INFO - Created id: 1e3bc028-7933-4762-b253-10cad9121f6a
2025-04-07 14:15:50,925 - INFO - Created id: a1437b29-c070-401e-a36d-99acd726ec19
2025-04-07 14:15:50,925 - INFO - Created id: 55a92390-de21-4483-958b-709c68c1a732
2025-04-07 14:15:50,925 - INFO - Created id: 05890d47-f15e-4a61-95ff-57cfef5f3553
2025-04-07 14:15:50,925 - INFO - Created id: 10d759b8-f2b2-408a-9981-8035d42ca997
2025-04-07 14:15:50,925 - INFO - Created id: 813ec25b-afdc-4323-b6e4-e6d29b97fbe2
2025-04-07 14:15:50,925 - INFO - Created id: 4048716f-19e0-4291-9372-e3342d6d3c40
2025-04-07 14:15:50,925 - INFO - Created id: 80d3b408-d708-461f-b515-7038c25c6d41
2025-04-07 14:15:50,925 - INFO - Created id: e2107544-d339-40af-a4b5-44f52a111ddc
2025-04-07 14:15:50,925 - INFO - Created id: 83c6b323-b50d-464c-a8ce-c4654ead4467
2025-04-07 14:15:50,925 - INFO - Created id: 942631cf-cf5e-4359-9bad-5a1f3ddcf515
2025-04-07 14:15:50,925 - INFO - Created id: a64668ad-f4f1-40c0-a825-09f0b8ad4e95
2025-04-07 14:15:50,925 - INFO - Created id: 97c37d51-c0c7-44d0-8633-3789f57e772b
2025-04-07 14:15:50,925 - INFO - Created id: 9430a7dc-b757-4e31-9e1f-b43735ff78fd
2025-04-07 14:15:50,925 - INFO - Created id: 6f7410e7-2800-459e-bb38-aebbf738628c
2025-04-07 14:15:50,925 - INFO - Created id: 7dacccbe-8081-4781-9163-8d125dc2e152
2025-04-07 14:15:50,925 - INFO - Created id: 5cdf8def-2a80-482f-a57a-fa1b4c040e5d
2025-04-07 14:15:50,925 - INFO - Created id: 3803117b-6954-4e5d-9370-1479b8271200
2025-04-07 14:15:50,925 - INFO - Created id: 2b1a9095-a98a-400e-8009-d17b328e037f
2025-04-07 14:15:50,925 - INFO - Created id: c596ba52-05df-4119-a975-4b877917cdc8
2025-04-07 14:15:50,925 - INFO - Created id: 140a3c1e-591a-48c9-867a-21f42ebbb176
2025-04-07 14:15:50,925 - INFO - Created id: 35db9c37-deca-4589-9b85-0a2af6e43d9d
2025-04-07 14:15:50,925 - INFO - Created id: 9c988e75-0f67-43a3-9dee-4e2829d9756b
2025-04-07 14:15:50,925 - INFO - Created id: 7e839855-4973-48e3-b37b-89ec97626981
2025-04-07 14:15:50,925 - INFO - Created id: 7b3a6d73-f0ac-485c-8a79-f3047deac104
2025-04-07 14:15:50,925 - INFO - Created id: c3dd9793-bec9-4b70-9864-f0866cef67b6
2025-04-07 14:15:50,925 - INFO - Created id: cf9c2b54-e207-431f-a337-18bbd70e45ea
2025-04-07 14:15:50,925 - INFO - Created id: 675a48f7-0eaa-4d1b-9991-a0d94da282ac
2025-04-07 14:15:50,925 - INFO - Created id: c7d60f0e-8890-49fd-a700-0015d5b4efea
2025-04-07 14:15:50,925 - INFO - Created id: 43608843-805b-40b7-9eac-27929764999f
2025-04-07 14:15:50,925 - INFO - Created id: d94744a4-c858-492e-8508-11e4b5d3c190
2025-04-07 14:15:50,925 - INFO - Created id: 96dc560c-35c6-46d7-981f-21c445c817ef
2025-04-07 14:15:50,925 - INFO - Created id: 67ede2fe-eb14-41f7-8df2-d42430eb94df
2025-04-07 14:15:50,926 - INFO - Created id: 393f5d46-a015-4f0a-b074-406b910af5c2
2025-04-07 14:15:50,926 - INFO - Created id: 6cfd7b87-c7cd-4628-a56f-4984563fa4f1
2025-04-07 14:15:50,926 - INFO - Created id: 75fe0a35-c41e-4950-899c-42fd373d53d5
2025-04-07 14:15:50,926 - INFO - Created id: d9417f7f-5e08-4928-8428-0d93010c1bd8
2025-04-07 14:15:50,926 - INFO - Created id: 96cbd8d7-a9df-48dc-97d6-ee5dc2a29bca
2025-04-07 14:15:50,926 - INFO - Created id: e98a1dd4-ee3d-4197-b1c1-a52d085c4281
2025-04-07 14:15:50,926 - INFO - Created id: edd08e69-90e4-48ee-ba8b-dd15cd91f170
2025-04-07 14:15:50,926 - INFO - Created id: a9f2fd60-3206-4e5c-b653-6220d7421611
2025-04-07 14:15:50,926 - INFO - Created id: 84a863c4-18ac-4ebb-b372-1df801a113b6
2025-04-07 14:15:50,926 - INFO - Created id: 846e7746-7b1e-4f3a-977c-f3916366198d
2025-04-07 14:15:50,926 - INFO - Created id: 0dc3954b-b42a-4a86-a83b-0c20eb4fef4a
2025-04-07 14:15:50,926 - INFO - Created id: c3a39030-f687-42ef-8f60-da0446d82f3f
2025-04-07 14:15:50,926 - INFO - Created id: cf15e42d-a8a1-4033-8996-c90ffe87d5e4
2025-04-07 14:15:50,926 - INFO - Created id: 85bc1b1b-5bb1-4bf1-9d36-961b42e8e93c
2025-04-07 14:15:50,926 - INFO - Created id: ab6ddfe8-7d3a-457f-8b99-ebb2246ea608
2025-04-07 14:15:50,926 - INFO - Created id: 8dcb21f0-b145-4b8f-b253-6cc3c6a1ffd0
2025-04-07 14:15:50,926 - INFO - Created id: 7a5733fe-c620-45b5-836a-bd38082d4ead
2025-04-07 14:15:50,926 - INFO - Created id: 54ff45ce-b95a-4886-858d-2560b39387c3
2025-04-07 14:15:50,926 - INFO - Created id: 742aba0b-75d8-442e-9599-f068008bb9ec
2025-04-07 14:15:50,926 - INFO - Created id: 7dcf9bbd-2b29-4b41-baa3-f31a548e7d31
2025-04-07 14:15:50,926 - INFO - Created id: 744101f2-54e3-4bee-99f1-0607c40797aa
2025-04-07 14:15:50,926 - INFO - Created id: 649cbdab-1834-47d1-8ad0-feda8a58753b
2025-04-07 14:15:50,926 - INFO - Created id: d1bec496-8b5f-44fa-8b14-b31bb0143743
2025-04-07 14:15:50,926 - INFO - Created id: fa15fd08-30fc-455a-9032-e42ce1f7fe4a
2025-04-07 14:15:50,926 - INFO - Created id: ba628683-b0d0-43e6-8d9c-ae0b3c330476
2025-04-07 14:15:50,926 - INFO - Created id: a5be86ec-92c4-42a9-958e-ecde438588b6
2025-04-07 14:15:50,926 - INFO - Created id: e3b24dd9-13e4-4e9e-aff0-f21902c0317f
2025-04-07 14:15:50,926 - INFO - Created id: b31c1de7-55f8-483d-9761-1b4f7ca73254
2025-04-07 14:15:50,926 - INFO - Created id: 723aea03-b68b-451e-aab3-196b04108d77
2025-04-07 14:15:50,926 - INFO - Created id: e0930049-9221-41e3-a84c-a88a4fd16b6c
2025-04-07 14:15:50,926 - INFO - Created id: 2d69a622-24bd-4cf1-93ad-84295ee3665a
2025-04-07 14:15:50,926 - INFO - Created id: ded7b191-3187-40cb-8ced-0ef4baf426eb
2025-04-07 14:15:50,926 - INFO - Created id: c21659dd-3bb3-4866-834a-e78d0be9a696
2025-04-07 14:15:50,926 - INFO - Created id: 72a70f00-e021-495e-9f94-5d93ad2e2441
2025-04-07 14:15:50,926 - INFO - Created id: 1ecb2528-60e6-48df-b860-01231cb2bed8
2025-04-07 14:15:50,926 - INFO - Created id: 3a6dce00-a64c-4a33-b1ee-426efe0714e3
2025-04-07 14:15:50,926 - INFO - Created id: 9dc017ce-5fa8-49bf-98ad-eebdab066a7a
2025-04-07 14:15:50,926 - INFO - Created id: 4cdb5326-df28-4e50-a5e9-a1b09a698760
2025-04-07 14:15:50,926 - INFO - Created id: cf8ed079-c10e-4e9d-9df2-471ba1b7c710
2025-04-07 14:15:50,926 - INFO - Created id: d7e8d6ea-dae6-4432-a2d8-ee83619b95c9
2025-04-07 14:15:50,926 - INFO - Created id: 626a08ee-941f-40be-b053-8955507b833d
2025-04-07 14:15:50,926 - INFO - Created id: a52bacad-28bb-4b0f-85c0-c14259e614e5
2025-04-07 14:15:50,926 - INFO - Created id: d7909dbe-f105-4f41-9730-f926303e1d48
2025-04-07 14:15:50,926 - INFO - Created id: d3432bd2-3674-43ea-b20c-92599fe635ec
2025-04-07 14:15:50,926 - INFO - Created id: cc853e53-08d0-4866-9a3b-f1903a6e02b7
2025-04-07 14:15:50,926 - INFO - Created id: 793247b6-aa76-4766-866b-f4813bc6a8eb
2025-04-07 14:15:50,926 - INFO - Created id: b7479785-8b87-44a8-9aad-ccae27184a78
2025-04-07 14:15:50,926 - INFO - Created id: 3d202eb6-2dc5-4bbe-8d82-cb83d3b0c16a
2025-04-07 14:15:50,926 - INFO - Created id: 5506410e-986d-4133-bcfc-c096f4a1a1f2
2025-04-07 14:15:50,926 - INFO - Created id: a1222b18-8958-4781-add5-13c50d639a2f
2025-04-07 14:15:50,926 - INFO - Created id: 07dc046d-0fb7-4fc7-9241-44d9d2fa844c
2025-04-07 14:15:50,926 - INFO - Created id: 90ead040-31bb-4d0d-b752-69e09015862b
2025-04-07 14:15:50,926 - INFO - Created id: 69af1058-459f-42f1-becf-4b65be731b01
2025-04-07 14:15:50,926 - INFO - Created id: 97ae8ce4-a76f-4589-85ed-395b78e80eb3
2025-04-07 14:15:50,926 - INFO - Created id: 62bd1cfe-4bc6-4350-860d-e16eb83fa3b5
2025-04-07 14:15:50,926 - INFO - Created id: 32cce099-394b-4427-a189-9b9cfbc33f28
2025-04-07 14:15:50,926 - INFO - Created id: 45c993e6-abd0-4aab-9e08-5f3858927d1a
2025-04-07 14:15:50,926 - INFO - Created id: 2d074a33-8b04-43ec-bb0a-23898d7bb1a4
2025-04-07 14:15:50,926 - INFO - Created id: a00f04ef-4990-435c-8c22-e7f35b4c9635
2025-04-07 14:15:50,926 - INFO - Created id: c5113448-c895-4bbc-9553-1cc522df2565
2025-04-07 14:15:50,926 - INFO - Created id: aff7a634-0903-4c67-8c32-69bc922e5725
2025-04-07 14:15:50,926 - INFO - Created id: bde8fce3-2a7a-48ff-8954-82812668389e
2025-04-07 14:15:50,926 - INFO - Created id: 74ca0d2c-70be-4470-b4b2-c6d6fcff5a0d
2025-04-07 14:15:50,926 - INFO - Created id: 521b0da8-2ee3-4dec-9a02-6176a3833f83
2025-04-07 14:15:50,926 - INFO - Created id: 1f4e47cf-f089-447e-aac5-de08dabf3e88
2025-04-07 14:15:50,926 - INFO - Created id: f81f274a-8d97-44f6-a422-7890b7adb3c1
2025-04-07 14:15:50,926 - INFO - Created id: 556130d8-140b-458d-b3f2-54247527929e
2025-04-07 14:15:50,926 - INFO - Created id: e34c2a2c-0192-44c4-8f81-d1a316e5bd0c
2025-04-07 14:15:50,926 - INFO - Created id: b2871af0-a426-4ec2-a7c8-497f9b6c5039
2025-04-07 14:15:50,926 - INFO - Created id: 64efd2d3-df36-4864-b8d1-f265fca8ddc1
2025-04-07 14:15:50,926 - INFO - Created id: e90aa547-317d-4f49-a52b-1720ec0abaf0
2025-04-07 14:15:50,926 - INFO - Created id: 74fcb0fc-aa4e-4450-93e2-e78a9643d323
2025-04-07 14:15:50,926 - INFO - Created id: 75fc3d35-1db1-46b9-b032-312a171dd2d4
2025-04-07 14:15:50,926 - INFO - Created id: 273615e2-6a8b-40e0-99a6-ae3d03e5defd
2025-04-07 14:15:50,926 - INFO - Created id: 3c84d116-6bdb-4613-91dd-ff1c893df0af
2025-04-07 14:15:50,927 - INFO - Created id: c203412d-8774-4717-aa79-563bbd51c7b2
2025-04-07 14:15:50,927 - INFO - Created id: 8036b872-76e5-4993-a2af-70a68e9b671b
2025-04-07 14:15:50,927 - INFO - Created id: 9bcf06f6-3423-4b12-8630-c0871668b718
2025-04-07 14:15:50,927 - INFO - Created id: 9e111bb0-98aa-4aa3-b639-d4a85f48e910
2025-04-07 14:15:50,927 - INFO - Created id: fed66d3c-6ac7-411a-a84b-6e9a9aa7e92d
2025-04-07 14:15:50,927 - INFO - Created id: 583739f4-8c0c-482a-9a5f-189cb24f975d
2025-04-07 14:15:50,927 - INFO - Created id: 39540bbd-2766-4439-a847-411d0a2b19d9
2025-04-07 14:15:50,927 - INFO - Created id: d363ab58-021e-4817-bb4d-7c8fe2406c3b
2025-04-07 14:15:50,927 - INFO - Created id: e868ca64-1e55-4420-8fa3-8ce9a05aca4f
2025-04-07 14:15:50,927 - INFO - Created id: 05894aaa-8bd8-4774-834f-e8cd44e94231
2025-04-07 14:15:50,927 - INFO - Created id: 3c10045a-cb5e-47d6-aad2-e08e8d6cc63f
2025-04-07 14:15:50,927 - INFO - Created id: 60d4062f-99a1-49af-a434-816f1a457e25
2025-04-07 14:15:50,927 - INFO - Created id: 0a01b342-eae4-49e2-92c4-dfbc53fcfec6
2025-04-07 14:15:50,927 - INFO - Created id: 3956b0c5-021e-43d2-90d3-2656c78f0bd1
2025-04-07 14:15:50,927 - INFO - Created id: a3d9e3fa-113d-42c6-82f9-7bf00d8e9dcb
2025-04-07 14:15:50,927 - INFO - Created id: 086cf891-27e4-45c6-bb90-0d70feca8cac
2025-04-07 14:15:50,927 - INFO - Created id: 50b824fc-6703-4578-9efc-dff99dfe07f3
2025-04-07 14:15:50,927 - INFO - Created id: 82aa7f8c-945a-43d4-88d3-b1b1dfb582db
2025-04-07 14:15:50,927 - INFO - Created id: c49ed30c-e068-4fef-8a3e-1961908acf74
2025-04-07 14:15:50,927 - INFO - Created id: 27c8aace-0c39-4cb6-a564-36146021470f
2025-04-07 14:15:50,927 - INFO - Created id: f741d95a-c6a3-4614-b6ef-d9279baf09d0
2025-04-07 14:15:50,927 - INFO - Created id: d0b37ccf-f0b3-4a6f-ad46-0392d0ea27c6
2025-04-07 14:15:50,927 - INFO - Created id: 385363d6-5312-46d5-9db8-b066d8bb96c6
2025-04-07 14:15:50,927 - INFO - Created id: 34277099-f50c-4a38-9691-d9ebf9f69bb9
2025-04-07 14:15:50,927 - INFO - Created id: e0b96c3c-a76a-487a-9a9e-82e035456212
2025-04-07 14:15:50,927 - INFO - Created id: 6cffd496-0d79-4c84-8add-0295c225d4ec
2025-04-07 14:15:50,927 - INFO - Created id: ef061e18-71e6-4fe5-a635-035ff3e72d46
2025-04-07 14:15:50,927 - INFO - Created id: 16d1e822-e3ae-43db-a1c5-fe45f8e6682f
2025-04-07 14:15:50,927 - INFO - Created id: 209ef54b-cc06-4032-8b8f-aab8f2604a51
2025-04-07 14:15:50,927 - INFO - Created id: 9fd8e4ad-0c96-4b90-8d8b-33f7f3d5e0e9
2025-04-07 14:15:50,927 - INFO - Created id: ebd8328e-37bf-4078-abc9-8b6c5d06e6e8
2025-04-07 14:15:50,927 - INFO - Created id: ffa3a372-5098-44ba-a039-6c3fe28733b8
2025-04-07 14:15:50,927 - INFO - Created id: fab9f251-4206-4dc9-8ed9-775aa9dcb1c9
2025-04-07 14:15:50,927 - INFO - Created id: 2bfe5eac-21e2-476d-84a6-cadb5fd64409
2025-04-07 14:15:50,927 - INFO - Created id: 81c82e37-4ec7-41fa-be0c-9d60da774f0b
2025-04-07 14:15:50,927 - INFO - Created id: 4903b032-760a-4b9e-a158-3a2505fe883c
2025-04-07 14:15:50,927 - INFO - Created id: d2f0fd58-fa3c-47b0-90e0-afa1ece18f21
2025-04-07 14:15:50,927 - INFO - Created id: 03480ec4-4989-4022-bf32-5b6bd06b2bb3
2025-04-07 14:15:50,927 - INFO - Created id: c21151e1-7028-4429-8b04-a8fb4bdba290
2025-04-07 14:15:50,927 - INFO - Created id: e0c4698c-8b5c-479e-a202-d9ab9b703f72
2025-04-07 14:15:50,927 - INFO - Created id: 5b5fd93a-7f75-49e4-b567-c6205ab9e813
2025-04-07 14:15:50,927 - INFO - Created id: 67a4f51f-2207-4bda-98d1-0419bc436932
2025-04-07 14:15:50,927 - INFO - Created id: bb0c6d2b-dad1-4024-90a0-615e2d70a53a
2025-04-07 14:15:50,927 - INFO - Created id: 5f1daf8e-379c-4887-adbe-922e1f064a13
2025-04-07 14:15:50,927 - INFO - Created id: 53d91404-0f3d-48d1-93f4-80b477b85efc
2025-04-07 14:15:50,927 - INFO - Created id: dff2514d-27e0-4046-918b-e7c18a7cdfab
2025-04-07 14:15:50,927 - INFO - Created id: ac0bb152-6acc-4b6e-bcdd-670170adefa1
2025-04-07 14:15:50,927 - INFO - Created id: db7e6cab-c1a6-4410-9e22-c7b56edaa504
2025-04-07 14:15:50,927 - INFO - Created id: 858cdd70-b69a-45cb-9411-7a8b75e98c6f
2025-04-07 14:15:50,927 - INFO - Created id: 78a57bd7-3c67-4edb-be98-6a6b35ca31e9
2025-04-07 14:15:50,927 - INFO - Created id: fd21b4bd-300e-4f06-a973-aa89d2ee1fd6
2025-04-07 14:15:50,927 - INFO - Created id: 4721fc1f-1579-401e-8671-c5f0c792df34
2025-04-07 14:15:50,927 - INFO - Created id: 2f21d3cb-9514-4416-9697-8ea55b0dcc5b
2025-04-07 14:15:50,927 - INFO - Created id: 7deed68a-6490-4091-937c-d42d2d329cff
2025-04-07 14:15:50,927 - INFO - Created id: 0b3a302a-14c7-4c61-a277-fc02442659f8
2025-04-07 14:15:50,927 - INFO - Created id: 9ac70132-bdb7-481d-9abe-f1d5bfabc36f
2025-04-07 14:15:50,927 - INFO - Created id: ff7e8a77-cfa5-4316-928d-a89438589a61
2025-04-07 14:15:50,928 - INFO - Created id: 998732e4-3ea7-4f21-905a-0b28ca17851a
2025-04-07 14:15:50,928 - INFO - Created id: a0528caf-7ea7-47d1-8e8e-f84b0466fcc1
2025-04-07 14:15:50,928 - INFO - Created id: 5f309814-eef3-4926-b293-69c24caaec52
2025-04-07 14:15:50,928 - INFO - Created id: 356c86f4-d454-4821-8ba6-ebfdf5d24c96
2025-04-07 14:15:50,928 - INFO - Created id: 1b6bf659-354d-4c59-b55b-05f52dad0753
2025-04-07 14:15:50,928 - INFO - Created id: 8089e2c7-276b-4c0d-b102-b74efb2af867
2025-04-07 14:15:50,928 - INFO - Created id: 07bb35d1-2632-47fc-b789-fb71ba014c78
2025-04-07 14:15:50,928 - INFO - Created id: d277f455-d73c-4d86-b56e-c4fe4cd38fde
2025-04-07 14:15:50,928 - INFO - Created id: b7192e34-a305-4fd3-9696-549d059c2d8d
2025-04-07 14:15:50,928 - INFO - Created id: 8de16ec5-c500-4723-8621-4d2c999f18b8
2025-04-07 14:15:50,928 - INFO - Created id: de0a7346-7483-4e23-972c-9f560b7efe9a
2025-04-07 14:15:50,928 - INFO - Created id: 6af5a9ca-71d5-4364-804c-674193ad68d4
2025-04-07 14:15:50,928 - INFO - Created id: e0eaad15-a223-4969-9b86-e6dca91eeccc
2025-04-07 14:15:50,928 - INFO - Created id: 1f8f2f6e-47b2-4eef-83b7-0d8d798d46e7
2025-04-07 14:15:50,928 - INFO - Created id: 293ec261-fcb6-4c9d-bafb-c00c18771f55
2025-04-07 14:15:50,928 - INFO - Created id: 4ee6d201-2e62-4276-a51f-55e72f800df9
2025-04-07 14:15:50,928 - INFO - Created id: 37eaa317-d31b-4b9e-9e9e-f848f6431cba
2025-04-07 14:15:50,928 - INFO - Created id: 10307958-00c2-48ee-b8fa-cfe3bc8c149d
2025-04-07 14:15:50,928 - INFO - Created id: 78dff17d-7856-44e6-bb7c-28028d189a30
2025-04-07 14:15:50,928 - INFO - Created id: ba51ead9-fb03-469d-b4c6-8615590670d9
2025-04-07 14:15:50,928 - INFO - Created id: 3e469873-7505-4983-b498-ca828111ecfd
2025-04-07 14:15:50,928 - INFO - Created id: fa484ae7-ca3e-40d0-b65f-571f7b80fad6
2025-04-07 14:15:50,928 - INFO - Created id: 61494f50-948c-4bf4-9e22-6c1f55385adf
2025-04-07 14:15:50,928 - INFO - Created id: 19f591dd-31fd-4e4f-b7dd-3862838963f2
2025-04-07 14:15:50,928 - INFO - Created id: ac0d9490-c63e-4a6a-a90e-e82b908fb65b
2025-04-07 14:15:50,928 - INFO - Created id: 7f7e1af0-212f-49ab-840f-baa2ef759b6d
2025-04-07 14:15:50,928 - INFO - Created id: 382071a5-4946-47cc-8706-d37b915478b7
2025-04-07 14:15:50,928 - INFO - Created id: c46081bf-41b1-4b0c-8b2f-6dbb7d4f70cd
2025-04-07 14:15:50,928 - INFO - Created id: 97dae191-c25a-4a35-a004-be247cf65b27
2025-04-07 14:15:50,928 - INFO - Created id: bc872c93-64e1-48a7-9b00-462548a51daa
2025-04-07 14:15:50,928 - INFO - Created id: dc5f23fd-3e93-45b8-8901-7b1ffce3a9c7
2025-04-07 14:15:50,928 - INFO - Created id: dba00547-bce7-43ff-8d8a-b0765dc274c6
2025-04-07 14:15:50,928 - INFO - Created id: c926d7c5-9b9a-4da7-beb4-0765461f3a74
2025-04-07 14:15:50,928 - INFO - Created id: 7dc7cabf-9497-491a-bda5-491c97dafc94
2025-04-07 14:15:50,928 - INFO - Created id: 32030a7f-b56b-4af7-81a4-1583f52dee63
2025-04-07 14:15:50,928 - INFO - Created id: dc17a309-d514-4d4d-b14f-16cd6ba6a961
2025-04-07 14:15:50,928 - INFO - Created id: 74bba230-5199-4717-a8b1-365b386498e3
2025-04-07 14:15:50,928 - INFO - Created id: 4dc3886a-dcb3-4212-973a-6362dccb3c82
2025-04-07 14:15:50,928 - INFO - Created id: 7b2fcd4e-d3cd-4c56-bb90-e4da4dd6c725
2025-04-07 14:15:50,928 - INFO - Created id: 5eaa5ec1-a9d0-4d07-921e-dbddfd2a5ec1
2025-04-07 14:15:50,928 - INFO - Created id: 74f66782-f28a-4558-bd03-8fcdd24e2295
2025-04-07 14:15:50,928 - INFO - Created id: 4ae747eb-95f5-4afb-b636-bb10356ea2aa
2025-04-07 14:15:50,928 - INFO - Created id: 79289155-47bc-4e4a-b6bd-01d1357c61db
2025-04-07 14:15:50,928 - INFO - Created id: 88ebf0f4-12ab-4f77-b59c-618475a96f38
2025-04-07 14:15:50,928 - INFO - Created id: b37b05fc-40d7-442a-b143-d44b65ac0cfa
2025-04-07 14:15:50,928 - INFO - Created id: 043249c9-3380-46c7-a8c7-56633e34f4b5
2025-04-07 14:15:50,928 - INFO - Created id: 1dfa33ea-63f8-4978-b9eb-75bb03b4d0b5
2025-04-07 14:15:50,928 - INFO - Created id: c82eb1e4-a83b-4360-8fa0-b8c8cf5fead6
2025-04-07 14:15:50,928 - INFO - Created id: 153fa35d-b508-4d25-9190-a8013f5c58d3
2025-04-07 14:15:50,928 - INFO - Created id: abcd7fc1-c53b-41b1-bc07-ff464586ecab
2025-04-07 14:15:50,928 - INFO - Created id: 78ba6a29-73d4-4acb-ad4d-0955b6e802a2
2025-04-07 14:15:50,928 - INFO - Created id: 13ce63e8-a246-4ce5-8360-be73c2bf1bb5
2025-04-07 14:15:50,928 - INFO - Created id: 3d38e570-af9b-4985-be72-07b1bf380cf8
2025-04-07 14:15:50,928 - INFO - Created id: 43b3d35b-6955-4a7a-a087-152c1708913c
2025-04-07 14:15:50,928 - INFO - Created id: f7990abb-a1f6-4ca4-8142-b4b38c6d232c
2025-04-07 14:15:50,928 - INFO - Created id: a08c4802-c752-40f7-9f20-3ea1cae8e91f
2025-04-07 14:15:50,928 - INFO - Created id: 58497e30-bda3-4119-8dbf-a52e2108468c
2025-04-07 14:15:50,928 - INFO - Created id: df489b02-754b-4a0b-90bd-341740819dc1
2025-04-07 14:15:50,928 - INFO - Created id: 834f98d3-bcd4-4e17-9613-5826bff11d69
2025-04-07 14:15:50,928 - INFO - Created id: 1f7d3236-a72f-47b9-afdc-a8788a3286d7
2025-04-07 14:15:50,928 - INFO - Created id: d2976b15-5555-4839-bd5b-72dd25a5b921
2025-04-07 14:15:50,928 - INFO - Created id: 2d2df858-82c6-4dbf-a71c-012019b35e3c
2025-04-07 14:15:50,928 - INFO - Created id: 85878170-f029-44e3-b2d2-bd3900145017
2025-04-07 14:15:50,928 - INFO - Created id: 53a81766-8ba5-41fb-957a-a96057b8208b
2025-04-07 14:15:50,928 - INFO - Created id: 9c244c63-9f7a-43da-8fab-cf885c953d4d
2025-04-07 14:15:50,928 - INFO - Created id: 06adbae2-d93c-49df-a384-f889e9434fe4
2025-04-07 14:15:50,928 - INFO - Created id: f2c839e5-1bfa-400c-9074-67d4568ce69e
2025-04-07 14:15:50,928 - INFO - Created id: dc0c6ee1-066f-4d3d-8f0f-7ad43568ee89
2025-04-07 14:15:50,928 - INFO - Created id: 4029e05e-e724-4541-9b31-527c4d453813
2025-04-07 14:15:50,928 - INFO - Created id: 7ee5f891-0c28-4591-92c6-59df59e54593
2025-04-07 14:15:50,928 - INFO - Created id: a2d7a2a0-a15a-4c91-a227-e11da52771ae
2025-04-07 14:15:50,928 - INFO - Created id: 2a5bb842-9cfb-4e2d-8deb-aa0fa89f336d
2025-04-07 14:15:50,928 - INFO - Created id: 055b24bb-6b3f-4461-8567-c92fc17fa7d0
2025-04-07 14:15:50,928 - INFO - Created id: 00892441-636a-4567-8f7d-3164e2a13ec7
2025-04-07 14:15:50,929 - INFO - Created id: b88e7ad8-4e99-4b52-ab40-ef8bcae13d6d
2025-04-07 14:15:50,929 - INFO - Created id: e5b9036c-3897-4ea7-9d98-7b9a5d764e2f
2025-04-07 14:15:50,929 - INFO - Created id: 68b15d06-60f2-4d88-a94e-e8ee9ea9a46d
2025-04-07 14:15:50,929 - INFO - Created id: 93b621ce-9169-4d2f-bfd5-4ac7e2a7f74b
2025-04-07 14:15:50,929 - INFO - Created id: 714c3d25-5e41-403c-95f2-8bfd4ad419a4
2025-04-07 14:15:50,929 - INFO - Created id: bd3f2f95-459a-471f-9639-b4fa6333a6c1
2025-04-07 14:15:50,929 - INFO - Created id: 3faaceda-43ff-4404-ae1f-85a87ee05523
2025-04-07 14:15:50,929 - INFO - Created id: 0d5790ff-f294-48a7-94f8-bef22b4372a7
2025-04-07 14:15:50,929 - INFO - Created id: 713686f2-c0a9-4fae-b3ff-95f0a891e5c3
2025-04-07 14:15:50,929 - INFO - Created id: 7c902e0f-fa32-478c-881c-c86cee521a92
2025-04-07 14:15:50,929 - INFO - Created id: a74841eb-9a97-471c-b9ae-56ce6dc9e5cc
2025-04-07 14:15:50,929 - INFO - Created id: fea5c13a-b0d1-4fbc-ace0-9b8f4fd8fcee
2025-04-07 14:15:50,929 - INFO - Created id: eaaf6538-5888-456b-816e-6edc18df8251
2025-04-07 14:15:50,929 - INFO - Created id: 07e648fe-4529-41cb-b0ee-93eba3c5c189
2025-04-07 14:15:50,929 - INFO - Created id: 8cd937dd-bfee-4963-85e3-5a38a09b3a92
2025-04-07 14:15:50,929 - INFO - Created id: e147fd40-0b7e-456d-a115-1a34d01b6540
2025-04-07 14:15:50,929 - INFO - Created id: c32da17e-1db2-4e11-a14f-ce5b2d37b462
2025-04-07 14:15:50,929 - INFO - Created id: c50c478e-7667-4eda-be20-f535fd63f2c7
2025-04-07 14:15:50,929 - INFO - Created id: 1ec54ff1-2223-4ece-8c84-0c0dfc87c233
2025-04-07 14:15:50,929 - INFO - Created id: ddc2b414-6da1-481f-81dc-9fde5fc8e9d7
2025-04-07 14:15:50,929 - INFO - Created id: 291d18cd-9c97-44ff-8fd8-f3c81f6712f6
2025-04-07 14:15:50,929 - INFO - Created id: c174349d-e8b0-4f9e-a4e4-dfc4dec9d4d9
2025-04-07 14:15:50,929 - INFO - Created id: 8b6455d4-3b6e-486c-b040-d67d5f70488d
2025-04-07 14:15:50,929 - INFO - Created id: b9590bc8-ed72-405b-9ee7-111530be1767
2025-04-07 14:15:50,929 - INFO - Created id: 4f9533cd-0979-4a16-a332-373d49fc24a6
2025-04-07 14:15:50,929 - INFO - Created id: 01ec1c20-69be-46bd-bd21-140abd2777ec
2025-04-07 14:15:50,929 - INFO - Created id: 8eb4cd64-6e85-435e-a739-3dde0c042aac
2025-04-07 14:15:50,929 - INFO - Created id: 400d5e70-debb-4bc8-a203-56a239e066f7
2025-04-07 14:15:50,929 - INFO - Created id: d7a7e8d5-6f8e-401c-b34f-ffbf9d334cf8
2025-04-07 14:15:50,929 - INFO - Created id: 3da48db7-5398-4be3-a024-5af63f892b3f
2025-04-07 14:15:50,929 - INFO - Created id: ef45941d-801f-46fa-b982-9ca4cdbca4dd
2025-04-07 14:15:50,929 - INFO - Created id: 3053c0d7-b912-4c66-b3dc-985fc4336d89
2025-04-07 14:15:50,929 - INFO - Created id: 3159cb77-68c9-494c-b813-fca5ba5449a2
2025-04-07 14:15:50,929 - INFO - Created id: 27b00709-b4fa-4c68-ab08-cf2766fa9dc3
2025-04-07 14:15:50,929 - INFO - Created id: 155cacc2-37cf-41d6-80da-91417f937bd6
2025-04-07 14:15:50,929 - INFO - Created id: 78f6fea8-c3db-497f-a00b-0cae9cb24c39
2025-04-07 14:15:50,929 - INFO - Created id: 9e7e06f7-99fd-4e3b-9a3e-f2977abfa09f
2025-04-07 14:15:50,929 - INFO - Created id: 11c347c5-3a7f-445a-b1c1-118bc984ecc2
2025-04-07 14:15:50,929 - INFO - Created id: 782132a3-4a4a-4f86-8610-4eaf05b09865
2025-04-07 14:15:50,929 - INFO - Created id: 92183d3a-75bc-4608-96ac-aa34259e1cda
2025-04-07 14:15:50,929 - INFO - Created id: 2d463bd1-97eb-4d5f-8019-9053bea9c315
2025-04-07 14:15:50,929 - INFO - Created id: c0f6d9b3-ca44-4f32-a62a-a789027be0d4
2025-04-07 14:15:50,929 - INFO - Created id: 4d8f19f4-e719-47dc-8637-fda57d8d2b56
2025-04-07 14:15:50,929 - INFO - Created id: c1ca4af3-0826-435f-849b-f689f3621b4c
2025-04-07 14:15:50,929 - INFO - Created id: da5b756d-b06b-4bfa-8bc1-6d64ff4f61dc
2025-04-07 14:15:50,929 - INFO - Created id: db087b00-9a66-438b-8c3b-a902c6e9a140
2025-04-07 14:15:50,929 - INFO - Created id: c42eedf5-d6c7-481e-aaa3-728483c958b8
2025-04-07 14:15:50,929 - INFO - Created id: 49208f3f-0ded-4306-95f6-85cc768ce688
2025-04-07 14:15:50,929 - INFO - Created id: ee37b025-3f67-4210-acca-a76b1e533dc0
2025-04-07 14:15:50,929 - INFO - Created id: c802f006-fc5a-4fa4-ac01-69f042ad1a01
2025-04-07 14:15:50,929 - INFO - Created id: 016d1f5f-25f2-4684-a996-2fa8ad3823da
2025-04-07 14:15:50,929 - INFO - Created id: 11d056eb-e959-4fe7-9db0-d3176d9ac332
2025-04-07 14:15:50,929 - INFO - Created id: 9452d117-0847-4a9f-99e3-e0e0336909b4
2025-04-07 14:15:50,929 - INFO - Created id: 128e373b-6af0-469e-8030-cf89918f3457
2025-04-07 14:15:50,929 - INFO - Created id: 5757031d-3a7c-43cf-b25a-ab99f7bf204d
2025-04-07 14:15:50,929 - INFO - Created id: 237131da-e23e-4081-bd64-611f7abb670d
2025-04-07 14:15:50,929 - INFO - Created id: a8b356db-3461-4f70-87f9-e69539679444
2025-04-07 14:15:50,929 - INFO - Created id: b1ae4140-b50e-471a-990e-1c61a77a15a1
2025-04-07 14:15:50,929 - INFO - Created id: 118f2539-f4d9-4e8e-91d6-3645b797e6fe
2025-04-07 14:15:50,929 - INFO - Created id: c12bc37a-9e3b-441b-8d07-661cae284428
2025-04-07 14:15:50,929 - INFO - Created id: 76a67126-40bd-4b3a-9bd2-acfc82037af2
2025-04-07 14:15:50,929 - INFO - Created id: 9bba7121-6107-4aaf-a781-eedeb6168bd1
2025-04-07 14:15:50,929 - INFO - Created id: de207da8-11a6-471d-9749-7c494ad18ab3
2025-04-07 14:15:50,929 - INFO - Created id: c84af6ef-44fe-4214-a25a-f9f35a7f0d3a
2025-04-07 14:15:50,929 - INFO - Created id: 574e5fd0-c3f5-4cc2-b209-4a1fa3ac991a
2025-04-07 14:15:50,929 - INFO - Created id: 7a5af886-5ac0-4110-bd6b-6dd335cbedea
2025-04-07 14:15:50,929 - INFO - Created id: 0944211e-d9c7-47f5-8669-c2fe3d322fbd
2025-04-07 14:15:50,929 - INFO - Created id: 2d4978d7-2351-4131-8af1-078a410c6e30
2025-04-07 14:15:50,930 - INFO - Created id: 7df53a06-1c36-49cb-b8dd-e7649b68c48f
2025-04-07 14:15:50,930 - INFO - Created id: d0533dd8-412e-4724-9f72-436ba1b4cf29
2025-04-07 14:15:50,930 - INFO - Created id: 45ebac11-fac1-4009-8147-d31463d8e226
2025-04-07 14:15:50,930 - INFO - Created id: 8584d7a9-dea2-4085-a853-ddbfd1a345ad
2025-04-07 14:15:50,930 - INFO - Created id: 1d1d8a10-af54-48c7-9be7-07d37f227728
2025-04-07 14:15:50,930 - INFO - Created id: e2bd0d22-9ceb-41f4-bb79-3dec482546e3
2025-04-07 14:15:50,930 - INFO - Created id: ffe32059-c1cb-4883-921c-08b84bd94b63
2025-04-07 14:15:50,930 - INFO - Created id: f9a71598-b608-4124-9c3c-055a67a72e60
2025-04-07 14:15:50,930 - INFO - Created id: 0ff483b3-3cfa-47cd-b8b1-def783ee2ab3
2025-04-07 14:15:50,930 - INFO - Created id: 0c1ee36c-dbf0-4481-b814-058e158d9175
2025-04-07 14:15:50,930 - INFO - Created id: 6ae8e926-5113-449b-98d7-85db29e08e2c
2025-04-07 14:15:50,930 - INFO - Created id: 88759e51-a726-4b9b-a9e7-8bc77fd91c52
2025-04-07 14:15:50,930 - INFO - Created id: 9f45beb6-12cb-4345-b386-0e807122e931
2025-04-07 14:15:50,930 - INFO - Created id: c11a75a0-d432-4895-bc45-d5d5818d5b78
2025-04-07 14:15:50,930 - INFO - Created id: 87b78ff0-ce79-4fd0-bf4b-395f2e0c374c
2025-04-07 14:15:50,930 - INFO - Created id: 6f61651c-6cb7-4619-b9ba-28e779446c25
2025-04-07 14:15:50,930 - INFO - Created id: c99c66eb-f84b-41a7-8c1d-b12c604dfe5b
2025-04-07 14:15:50,930 - INFO - Created id: a3d05585-26bc-4ddf-bf9c-08854250ed5b
2025-04-07 14:15:50,930 - INFO - Created id: 7789b470-1460-4a4a-89c3-767a7840170f
2025-04-07 14:15:50,930 - INFO - Created id: 99301ea9-537b-4d09-9043-84f03a624078
2025-04-07 14:15:50,930 - INFO - Created id: f27cddbe-ed19-4a08-9c11-a0ef3d7df64c
2025-04-07 14:15:50,930 - INFO - Created id: 3c42ccb9-d9fb-4fa5-9225-6c135562b611
2025-04-07 14:15:50,930 - INFO - Created id: 11619384-bdad-43fc-ba5b-2b8502946692
2025-04-07 14:15:50,930 - INFO - Created id: 933209b3-c4a6-4f23-9cd8-1c523bdcaf84
2025-04-07 14:15:50,930 - INFO - Created id: cb701f0b-7023-47a3-8b4a-c9412b00fb06
2025-04-07 14:15:50,930 - INFO - Created id: 5529942e-1635-470e-9d5e-41766c66461c
2025-04-07 14:15:50,930 - INFO - Created id: 1932b2a8-c9e9-4a1b-a86a-6913ef6ce212
2025-04-07 14:15:50,930 - INFO - Created id: 8a3891fc-a6c1-48cd-82b0-c301ea6bf207
2025-04-07 14:15:50,930 - INFO - Created id: 32b7c3c8-8e9b-413e-bf75-8d50541fde64
2025-04-07 14:15:50,930 - INFO - Created id: 531af35b-521c-4007-9b3b-c9630b5e50b8
2025-04-07 14:15:50,930 - INFO - Created id: a092babc-9b38-4f52-8eed-9f8a3bf3c0c4
2025-04-07 14:15:50,930 - INFO - Created id: 4ed3a7a5-12f7-4b84-bb74-e06882c905cc
2025-04-07 14:15:50,930 - INFO - Created id: 3377bcb0-0a75-4916-8928-d1e5e4340eeb
2025-04-07 14:15:50,930 - INFO - Created id: 17301ac0-aef6-44b0-84c0-0424e2fb15d7
2025-04-07 14:15:50,930 - INFO - Created id: 5363aa7b-4d71-4714-88d0-ff815de15ad8
2025-04-07 14:15:50,931 - INFO - Created id: d4cf29b2-f2cc-4fa4-b675-95556b74d950
2025-04-07 14:15:50,931 - INFO - Created id: 60e85f6d-d29c-453e-9e0b-de0687b3ed04
2025-04-07 14:15:50,931 - INFO - Created id: 758a818c-895c-4cb1-8c4e-7cfa532f8f05
2025-04-07 14:15:50,933 - INFO - Created id: d2bd29aa-a214-4021-918b-81eb5ee6f750
2025-04-07 14:15:50,933 - INFO - Created id: 8848fc2a-bf96-4c2c-8721-a966daf5b8af
2025-04-07 14:15:50,933 - INFO - Created id: 15d049dd-4c07-424f-adc3-13a04f9a4042
2025-04-07 14:15:50,933 - INFO - Created id: 8a913d74-9114-4923-a4c7-5f1919523746
2025-04-07 14:15:50,933 - INFO - Created id: bd12f284-0aec-4ed0-ae7e-0ec2fde7ac80
2025-04-07 14:15:50,933 - INFO - Created id: 954d5d76-2720-4db5-8d03-84dad4b92296
2025-04-07 14:15:50,933 - INFO - Created id: 6816b590-0423-43b4-8565-975bb10ddc93
2025-04-07 14:15:50,933 - INFO - Created id: 93d13512-8491-4fe9-ad64-2d5fd08ab3ae
2025-04-07 14:15:50,933 - INFO - Created id: 6997cff3-113a-480c-b13f-cde134e3f445
2025-04-07 14:15:50,933 - INFO - Created id: a804ac14-0b37-4412-ae85-1d14da07590a
2025-04-07 14:15:50,933 - INFO - Created id: e037fcc4-1259-4a9b-8dd2-9058dd1581bf
2025-04-07 14:15:50,933 - INFO - Created id: 104653b3-5e9e-485a-b064-cc246c18fc06
2025-04-07 14:15:50,933 - INFO - Created id: 4660f458-08f8-4d06-adc4-cc6e1f769a70
2025-04-07 14:15:50,933 - INFO - Created id: a986609e-bd3d-4a81-a1e1-494fcd76d811
2025-04-07 14:15:50,933 - INFO - Created id: ca28cc74-af1d-406a-970a-e798cce4dddb
2025-04-07 14:15:50,933 - INFO - Created id: b1de846e-ce0f-466d-826b-00e42bab5d6a
2025-04-07 14:15:50,933 - INFO - Created id: 9dfd040f-b3dc-49e7-887f-a1856cd8b700
2025-04-07 14:15:50,933 - INFO - Created id: 709a3a49-a70d-45b4-8a50-1f91807f61e2
2025-04-07 14:15:50,933 - INFO - Created id: 9a3471c6-439a-4b03-9031-65fffb2dfcb2
2025-04-07 14:15:50,933 - INFO - Created id: 1a6d991a-7fe4-4610-ba63-cb9e6cd147f2
2025-04-07 14:15:50,933 - INFO - Created id: 30d3e2fc-02a5-4f60-b512-7150573ac8b7
2025-04-07 14:15:50,933 - INFO - Created id: 2d6ef466-a425-4214-ac2c-7ad3fb8a0c60
2025-04-07 14:15:50,933 - INFO - Created id: 3e0f238f-655e-4d17-a8cb-7c7a424b6765
2025-04-07 14:15:50,933 - INFO - Created id: 95f3fcf0-577f-413f-8075-507dc44442b7
2025-04-07 14:15:50,933 - INFO - Created id: 7430c559-65fe-42d0-9b3a-3273e863ca35
2025-04-07 14:15:50,934 - INFO - Created id: 45dac536-a098-4e7b-bf89-830c1beb3afa
2025-04-07 14:15:50,934 - INFO - Created id: 680db807-7ea0-4ec3-8a72-5c668e5fed91
2025-04-07 14:15:50,934 - INFO - Created id: e070da88-bca6-447a-a246-94b7381496b0
2025-04-07 14:15:50,934 - INFO - Created id: 0373ed68-4bab-4cb7-821a-f54596331fee
2025-04-07 14:15:50,934 - INFO - Created id: 822d664c-7293-4920-a143-aed9aff502f3
2025-04-07 14:15:50,934 - INFO - Created id: b7920fb4-ae30-4749-a64e-0ec48291801b
2025-04-07 14:15:50,934 - INFO - Created id: ac15b799-5fea-42d6-a953-68320ef06070
2025-04-07 14:15:50,934 - INFO - Created id: 26606e83-2757-4ceb-9dbb-1a8f4d842fea
2025-04-07 14:15:50,934 - INFO - Created id: f76f896e-52f3-4364-9168-ee3b7747003e
2025-04-07 14:15:50,934 - INFO - Created id: 9169e770-7780-4ee1-b90e-02c8d3795ae9
2025-04-07 14:15:50,934 - INFO - Created id: 93b8039f-2c29-429a-a4ee-9ed2bec5ecae
2025-04-07 14:15:50,934 - INFO - Created id: 546ecb1c-93ed-483b-8041-56698009e728
2025-04-07 14:15:50,934 - INFO - Created id: 8bf21fca-d3cb-419b-9806-b766d0f8ca69
2025-04-07 14:15:50,934 - INFO - Created id: 0ba66ec8-d79b-4b17-a94e-8b6874121ea7
2025-04-07 14:15:50,934 - INFO - Created id: 86285258-ea59-4567-8660-f7b18752a577
2025-04-07 14:15:50,934 - INFO - Created id: 3b49d356-40fb-4e40-b294-7542114ad45d
2025-04-07 14:15:50,934 - INFO - Created id: 123d2f22-1d11-4493-ab72-900d1126089f
2025-04-07 14:15:50,934 - INFO - Created id: 9d38f428-7db4-41ae-832d-667ed4b454e5
2025-04-07 14:15:50,934 - INFO - Created id: 65401c70-fc4d-49b9-aad3-192a97144300
2025-04-07 14:15:50,934 - INFO - Created id: f67108ae-b60e-488e-bb15-8dd5e1218432
2025-04-07 14:15:50,934 - INFO - Created id: f8e1652f-767e-4ee0-aa42-fdec5ed0b04b
2025-04-07 14:15:50,934 - INFO - Created id: 1cb894f8-b1d6-4d55-ba69-afea6aecee95
2025-04-07 14:15:50,934 - INFO - Created id: 4732c805-738b-41b3-92ff-1f3d180c084b
2025-04-07 14:15:50,934 - INFO - Created id: ffd413e2-03b0-4251-824d-bc430e84275a
2025-04-07 14:15:50,934 - INFO - Created id: b38b1c63-3d38-4057-a608-a17a12cfc40d
2025-04-07 14:15:50,934 - INFO - Created id: f408f0d7-e827-437c-8114-053f2cdd069d
2025-04-07 14:15:50,934 - INFO - Created id: f83c9259-2861-4a43-a9ed-da8e54f9c312
2025-04-07 14:15:50,934 - INFO - Created id: aec4eeee-0fef-4d42-adb7-01de05743caf
2025-04-07 14:15:50,934 - INFO - Created id: 8c6a5b7d-a959-4f18-bc02-9d988fd8e11c
2025-04-07 14:15:50,935 - INFO - Created id: 18c60494-dff3-40b8-a078-82bec1d0d077
2025-04-07 14:15:50,935 - INFO - Created id: dddccdd3-5b70-48c9-82f0-8ae1a2cf2101
2025-04-07 14:15:50,935 - INFO - Created id: 38cff3be-f84f-4726-983b-436b1a5d366a
2025-04-07 14:15:50,935 - INFO - Created id: 5882777b-c22c-4f60-98df-cb4f6584b6ef
2025-04-07 14:15:50,935 - INFO - Created id: edfa001e-2c85-4ff0-869e-a81f8f4a9c81
2025-04-07 14:15:50,935 - INFO - Created id: 388637ce-cd86-4428-944f-125e6ce9d892
2025-04-07 14:15:50,935 - INFO - Created id: a5401780-1ae2-4750-9a1d-3a1e36ad516f
2025-04-07 14:15:50,935 - INFO - Created id: bfbda2ee-aa0d-4c1f-a5f1-53c578a3db90
2025-04-07 14:15:50,935 - INFO - Created id: 597e4675-c096-4d27-9a69-53d10ea2f51e
2025-04-07 14:15:50,935 - INFO - Created id: 079e0b1a-1193-40de-9de2-76d28bbdfbcc
2025-04-07 14:15:50,935 - INFO - Created id: 8684a4a2-3ad7-4648-a893-f9b8681d6c7f
2025-04-07 14:15:50,935 - INFO - Created id: 437d4195-974e-44a8-9826-3f602dcef42b
2025-04-07 14:15:50,935 - INFO - Created id: e1016117-827b-480e-80c4-9ad6e35442d0
2025-04-07 14:15:50,935 - INFO - Created id: fc98afef-9bc9-4275-8eec-27abc18b8fad
2025-04-07 14:15:50,935 - INFO - Created id: fd893a36-47f6-447f-89dd-07b63534e8e7
2025-04-07 14:15:50,935 - INFO - Created id: 7a3260ab-b120-4b8f-84c1-4c399724a22a
2025-04-07 14:15:50,935 - INFO - Created id: 6cc9560b-e187-4576-844a-b9d34d6bf36c
2025-04-07 14:15:50,935 - INFO - Created id: 1b1f0473-4d4a-4db6-a4d1-8afb63e768b9
2025-04-07 14:15:50,935 - INFO - Created id: ff3619b9-2ac6-4387-a3ec-e996786171de
2025-04-07 14:15:50,935 - INFO - Created id: 4f20a9e4-52e4-4824-9d46-768b3e9b6351
2025-04-07 14:15:50,935 - INFO - Created id: b0f73e66-d180-46ab-9d67-036904bac3bb
2025-04-07 14:15:50,935 - INFO - Created id: 1b7a8823-d04b-45f8-bcaa-8d9f25b18437
2025-04-07 14:15:50,935 - INFO - Created id: 0ba8a3da-d96d-43be-af66-2b3b7a9673e7
2025-04-07 14:15:50,935 - INFO - Created id: 0a5b5bab-d8f3-45b1-8508-22174326daf4
2025-04-07 14:15:50,935 - INFO - Created id: 75121590-49d8-4ab0-8273-b7e0f2d19ac3
2025-04-07 14:15:50,936 - INFO - Created id: d9d39ac9-357a-4f79-b71e-82fd36502191
2025-04-07 14:15:50,936 - INFO - Created id: 3f5881a9-7ae9-49c5-a26a-f618ca161ea3
2025-04-07 14:15:50,936 - INFO - Created id: 9984ea2b-5819-4899-bf61-0fc980e98a87
2025-04-07 14:15:50,936 - INFO - Created id: 47303c5d-efd2-46ab-a557-24a3fe8a25df
2025-04-07 14:15:50,936 - INFO - Created id: cfce3c1e-a271-4d71-82b9-efeaf12dc941
2025-04-07 14:15:50,936 - INFO - Created id: 4fe69cb7-3bd0-426f-a301-aa5560e2914e
2025-04-07 14:15:50,936 - INFO - Created id: 42651e20-59fa-4afe-8f02-65e2c02fb3c7
2025-04-07 14:15:50,936 - INFO - Created id: 55bfd3d1-20b6-4da7-b552-f13d4f1918a7
2025-04-07 14:15:50,936 - INFO - Created id: 4c9d5ef5-2d97-4ad7-bfe3-37e6143c0bb9
2025-04-07 14:15:50,936 - INFO - Created id: 3e890021-3e94-4658-b0b1-ba02e3af7e55
2025-04-07 14:15:50,936 - INFO - Created id: aede5ef3-6c64-4ce0-9143-51c9c82e8b83
2025-04-07 14:15:50,936 - INFO - Created id: 2f9f4bd1-dff6-4dbd-a26b-b24b4d38469b
2025-04-07 14:15:50,936 - INFO - Created id: d378be39-95b7-4ed5-b6a0-e535b06ecfc0
2025-04-07 14:15:50,936 - INFO - Created id: a0f926c3-261a-4afb-848f-091ff279aac7
2025-04-07 14:15:50,936 - INFO - Created id: 0d8c00d5-37ff-4677-984e-af6592692013
2025-04-07 14:15:50,936 - INFO - Created id: 84348815-ce2f-49e5-b1ad-c29f4be8d1f4
2025-04-07 14:15:50,936 - INFO - Created id: 3a46a4a3-e7b6-491e-8341-d6fadf0a7895
2025-04-07 14:15:50,936 - INFO - Created id: 66cb1302-067e-482a-a26d-d6ec132c8e08
2025-04-07 14:15:50,936 - INFO - Created id: 304d2759-9c02-437f-8ef5-6c8fd02f4caa
2025-04-07 14:15:50,936 - INFO - Created id: 7eccd461-1ac2-48aa-9cce-4947bb0537bc
2025-04-07 14:15:50,936 - INFO - Created id: 6107f946-2b41-4b7a-acdd-cdb1e7a0b0f7
2025-04-07 14:15:50,937 - INFO - Created id: b879a4ed-81fc-484e-8d70-7c398090673d
2025-04-07 14:15:50,937 - INFO - Created id: 899524c9-3a92-4a8e-a159-b166f7f6a146
2025-04-07 14:15:50,937 - INFO - Created id: a9b7da77-e738-49ae-b37c-c431340a2847
2025-04-07 14:15:50,937 - INFO - Created id: 11fcd02e-b94b-434c-9275-eb79b48b8878
2025-04-07 14:15:50,937 - INFO - Created id: 7f76ab57-9ff1-4774-bdce-17b7bec430ec
2025-04-07 14:15:50,937 - INFO - Created id: d5a482e0-4197-4e92-a173-092b0e1fd3a0
2025-04-07 14:15:50,937 - INFO - Created id: ef36be84-d703-4fd1-91de-1fbe8effe4b4
2025-04-07 14:15:50,937 - INFO - Created id: ef99b95b-853c-4171-be24-7fd322d1f394
2025-04-07 14:15:50,937 - INFO - Created id: d4570aaa-d29c-4b7a-b33b-5c5b04def4c1
2025-04-07 14:15:50,937 - INFO - Created id: cbd1dbae-2101-49c9-b04a-40a626abc022
2025-04-07 14:15:50,937 - INFO - Created id: 3792a019-4d37-4c7b-84da-5f3a48e9715e
2025-04-07 14:15:50,937 - INFO - Created id: 91f4e455-fa9f-40fb-a6e6-8caad70582ad
2025-04-07 14:15:50,937 - INFO - Created id: 7838ce0a-59dc-4e85-ac82-c6b4311d7048
2025-04-07 14:15:50,937 - INFO - Created id: 9d78f359-7d07-4b79-a9aa-526fa97ec80a
2025-04-07 14:15:50,937 - INFO - Created id: 03920a95-ae7b-455d-820d-6e1bfcab38ef
2025-04-07 14:15:50,937 - INFO - Created id: 6ace9bf1-2ff1-4ede-9b5c-3dc48092b4a6
2025-04-07 14:15:50,937 - INFO - Created id: a2ae4d33-0834-4c87-8b0e-5d59632bfeda
2025-04-07 14:15:50,937 - INFO - Created id: 8c137d06-82a3-434b-b734-67c3d9281bb0
2025-04-07 14:15:50,937 - INFO - Created id: 7ec02b2b-c213-484a-aa3d-bb2517e42bab
2025-04-07 14:15:50,937 - INFO - Created id: f8d5f4f3-636d-4100-9db5-36995f5f310d
2025-04-07 14:15:50,937 - INFO - Created id: dea1acf2-99c2-4b0e-b711-557012190e16
2025-04-07 14:15:50,937 - INFO - Created id: 5662b78c-b4cf-4cd0-9f0e-85d2ccd00684
2025-04-07 14:15:50,937 - INFO - Created id: 5b4d09cf-7207-49cc-9c1a-c336050f1f62
2025-04-07 14:15:50,937 - INFO - Created id: 15be4cde-7951-47ad-9928-e903361efdd5
2025-04-07 14:15:50,937 - INFO - Created id: d3c2b8c8-7533-47cd-ba8d-cdc10d94c1d0
2025-04-07 14:15:50,937 - INFO - Created id: bf2c420a-0458-48b9-9e8a-a9acffb409e7
2025-04-07 14:15:50,937 - INFO - Created id: f6ff0eb3-3834-4b09-9732-a60862143166
2025-04-07 14:15:50,937 - INFO - Created id: b599d90d-3c24-480e-868a-9090bb370a2e
2025-04-07 14:15:50,937 - INFO - Created id: 4580757a-f1ac-4b8a-82bf-c0d8ef31176e
2025-04-07 14:15:50,937 - INFO - Created id: fff2c7f1-2acd-4e55-b2d5-f0f6c619c338
2025-04-07 14:15:50,937 - INFO - Created id: b216fe33-e6d1-417a-ada6-57ad0534f5cc
2025-04-07 14:15:50,937 - INFO - Created id: 288a6407-06a8-4eb7-bdc0-989b4684d6c4
2025-04-07 14:15:50,937 - INFO - Created id: c4146b63-0829-490c-898d-50e525bd3c0f
2025-04-07 14:15:50,937 - INFO - Created id: 99a7f489-ff54-41b0-9f63-7999a92c2de5
2025-04-07 14:15:50,937 - INFO - Created id: bfa0dbf8-f613-47ed-9762-20b19ecfa40e
2025-04-07 14:15:50,937 - INFO - Created id: d122c849-65f4-471b-abd0-9c8fa8bef41f
2025-04-07 14:15:50,937 - INFO - Created id: db74f022-0b88-4c33-bc1f-0a55826a9e3a
2025-04-07 14:15:50,937 - INFO - Created id: f5b20e91-3166-4575-95d4-161ed2d57250
2025-04-07 14:15:50,937 - INFO - Created id: 958c4357-a2d4-4063-8d05-23f5c5bbe9f5
2025-04-07 14:15:50,937 - INFO - Created id: a070470e-2473-44f8-8d79-7106e4e78675
2025-04-07 14:15:50,937 - INFO - Created id: 53d83edf-bb7f-4e4d-be5b-a049af2997d1
2025-04-07 14:15:50,937 - INFO - Created id: 379b6718-ae90-4c57-9576-7724310e6a08
2025-04-07 14:15:50,937 - INFO - Created id: b75b70b0-ddfd-4314-9042-f64dcef21077
2025-04-07 14:15:50,937 - INFO - Created id: 1277f693-a21b-4ee5-84d5-2c5069294eb6
2025-04-07 14:15:50,937 - INFO - Created id: ef0dc443-7855-40e6-91de-b9a646bd1ac8
2025-04-07 14:15:50,937 - INFO - Created id: f516a713-9f2a-48b7-b907-9f2438f69f26
2025-04-07 14:15:50,937 - INFO - Created id: 7515f0a8-c8fc-4ac6-a57f-7fc2a1f81634
2025-04-07 14:15:50,937 - INFO - Created id: 3ef5eb33-0b9e-475a-bda3-810b8a8c9d24
2025-04-07 14:15:50,937 - INFO - Created id: 000ba56f-1b7e-4d05-be16-b5f4085df74d
2025-04-07 14:15:50,937 - INFO - Created id: a39b37cd-dfbb-410f-b32c-28e16d9a727b
2025-04-07 14:15:50,937 - INFO - Created id: f89bb3d8-2d20-4d70-b512-3f6032e59246
2025-04-07 14:15:50,937 - INFO - Created id: 5fe177e3-15ff-4f3b-a5a2-83adbafc5a84
2025-04-07 14:15:50,937 - INFO - Created id: cff911fa-0439-4a3f-811d-7656f985340c
2025-04-07 14:15:50,937 - INFO - Created id: cee12996-8b40-42eb-95a9-730e0a6d5b35
2025-04-07 14:15:50,937 - INFO - Created id: 7c1718b5-ff3b-43f6-9dff-20a55f15bade
2025-04-07 14:15:50,937 - INFO - Created id: a6c10182-adeb-4f5e-a32a-176bcfed1a50
2025-04-07 14:15:50,937 - INFO - Created id: ab40a910-2d1c-4068-a13e-f79fa4363f48
2025-04-07 14:15:50,937 - INFO - Created id: 612e8f53-8214-4bc5-928e-93bf3fd7658d
2025-04-07 14:15:50,937 - INFO - Created id: bcbe07e9-e79c-457a-8b99-facf4ed0dc92
2025-04-07 14:15:50,937 - INFO - Created id: 003a7ccd-6104-4bf0-9f2f-87caf35e61d1
2025-04-07 14:15:50,937 - INFO - Created id: 3a51a8bb-dc38-4515-a858-121969a4fbd9
2025-04-07 14:15:50,937 - INFO - Created id: 92b01f51-51d3-4e0c-9eb3-d77490c31dcf
2025-04-07 14:15:50,937 - INFO - Created id: eceda305-65c6-4835-be62-d176efecf43e
2025-04-07 14:15:50,937 - INFO - Created id: 84d31a5b-f42a-4b31-8b43-d6f40ba6ac97
2025-04-07 14:15:50,937 - INFO - Created id: f8833be3-eeeb-433d-a417-fef2dbe59b87
2025-04-07 14:15:50,937 - INFO - Created id: eed1f817-5688-4190-acb6-167aecd84853
2025-04-07 14:15:50,937 - INFO - Created id: 78488292-9f17-4100-baf9-caed81fd5c17
2025-04-07 14:15:50,937 - INFO - Created id: 0e601f57-c854-4db4-9c87-d88195bee3f4
2025-04-07 14:15:50,938 - INFO - Created id: b32bc29a-5123-4ba5-ad13-d8873f2ecaac
2025-04-07 14:15:50,938 - INFO - Created id: f4bc78bb-9163-448e-b03d-4359a40cdac8
2025-04-07 14:15:50,938 - INFO - Created id: 31335204-36b4-43ce-b239-f7cba80c11dc
2025-04-07 14:15:50,938 - INFO - Created id: f72dec22-09ed-4ee5-9f28-e2d7803b5a8d
2025-04-07 14:15:50,938 - INFO - Created id: 536c7728-d3e5-4884-bcd0-e2610a6f3130
2025-04-07 14:15:50,938 - INFO - Created id: e11bfc2b-cd1c-47a9-8342-5c82720f225e
2025-04-07 14:15:50,938 - INFO - Created id: 2d13b463-02f3-417b-a90e-cc5ccb3e7c4f
2025-04-07 14:15:50,938 - INFO - Created id: 4360af4e-c265-4226-9328-3a2020ca4d1f
2025-04-07 14:15:50,938 - INFO - Created id: a872a8be-f621-44d8-b4db-36b8bf622262
2025-04-07 14:15:50,938 - INFO - Created id: 4249506f-f738-4c6a-b5b6-23a33ad45895
2025-04-07 14:15:50,938 - INFO - Created id: e33ab082-6f22-4d14-a890-d373e95585a0
2025-04-07 14:15:50,938 - INFO - Created id: 25ba04fc-fc75-4d08-a9d5-5cd8a39d0fd2
2025-04-07 14:15:50,938 - INFO - Created id: eb25ddae-efad-4c01-88eb-0b1147abcf94
2025-04-07 14:15:50,938 - INFO - Created id: ed799393-d665-4586-9bcf-e39f089f09eb
2025-04-07 14:15:50,938 - INFO - Created id: 071d6609-615c-4678-8f1c-3c40a7150b0f
2025-04-07 14:15:50,938 - INFO - Created id: cfb4b850-9bee-44d8-b460-78935a319907
2025-04-07 14:15:50,938 - INFO - Created id: ad2001f0-5e14-4747-930a-87152b5452b6
2025-04-07 14:15:50,938 - INFO - Created id: 010635a2-c893-438f-aef9-725e7d9e4e9d
2025-04-07 14:15:50,938 - INFO - Created id: 19232dfa-c197-4e1c-a2da-8df4ffd691ac
2025-04-07 14:15:50,938 - INFO - Created id: 72933b64-83db-4e44-b49f-57eda5ed3ee5
2025-04-07 14:15:50,938 - INFO - Created id: b448127d-1ce5-495c-ab27-d63527663186
2025-04-07 14:15:50,938 - INFO - Created id: a8162072-b4aa-4976-84bf-55529703d3be
2025-04-07 14:15:50,938 - INFO - Created id: 23cba023-77f8-4973-ad6d-2ad7a2f9a8db
2025-04-07 14:15:50,938 - INFO - Created id: 7b30dd98-3674-44b5-8952-1f04eb17d78e
2025-04-07 14:15:50,938 - INFO - Created id: 617c5bd4-0e1d-48d2-84b7-42a3d5c8971a
2025-04-07 14:15:50,938 - INFO - Created id: d64de97d-21db-4228-890f-9b04e1939003
2025-04-07 14:15:50,938 - INFO - Created id: 7690f625-6d1c-490a-a8e3-f51c2efc9f4a
2025-04-07 14:15:50,938 - INFO - Created id: e230483d-6819-4d22-8b15-9dd061f8dd9d
2025-04-07 14:15:50,938 - INFO - Created id: 177b867c-0352-470f-97ab-778d63b5c3d2
2025-04-07 14:15:50,938 - INFO - Created id: bbe4bfa0-66cc-4cad-b21d-5c0e8473d0ce
2025-04-07 14:15:50,938 - INFO - Created id: d34348d8-b096-4278-b017-aafb1cb5800c
2025-04-07 14:15:50,938 - INFO - Created id: 7d5f4abf-c26a-4fba-b54e-79cd5dac787c
2025-04-07 14:15:50,938 - INFO - Created id: 5e62b5da-ccdc-4760-8a9a-740d903e45bc
2025-04-07 14:15:50,938 - INFO - Created id: 7f538e81-ec41-439d-9a92-0998a45cac9c
2025-04-07 14:15:50,938 - INFO - Created id: ee77bfeb-8c9a-4ece-9b29-a03cf17c4323
2025-04-07 14:15:50,938 - INFO - Created id: 2740289e-af55-4598-8b64-66721ade28e5
2025-04-07 14:15:50,938 - INFO - Created id: f4a6a128-43ec-4f12-a2cf-6cffe1f9b32c
2025-04-07 14:15:50,938 - INFO - Created id: 59db26a2-dba1-448a-a7bd-59c23bbda196
2025-04-07 14:15:50,938 - INFO - Created id: 6892fc66-efe3-4e36-a2a4-568c0e123016
2025-04-07 14:15:50,938 - INFO - Created id: fb2bcf66-66c8-41ef-b517-e97db2e3dc45
2025-04-07 14:15:50,938 - INFO - Created id: a4ad8193-c0e0-4a9c-9969-8fb082c64e1e
2025-04-07 14:15:50,938 - INFO - Created id: 2e6485c9-76a9-4b5c-a019-ce159edff4a6
2025-04-07 14:15:50,938 - INFO - Created id: f30828b8-17d1-4112-ba27-f342825fc339
2025-04-07 14:15:50,938 - INFO - Created id: acc396b8-0ecb-4c9a-bea8-e08795dc0f05
2025-04-07 14:15:50,938 - INFO - Created id: 6973d929-2146-4904-a15c-21e042b08b77
2025-04-07 14:15:50,938 - INFO - Created id: 3c7e3c36-a4f2-45d6-ad80-2f950bc75529
2025-04-07 14:15:50,938 - INFO - Created id: c406e4ce-f91e-4479-bc37-f25ddbc2fb15
2025-04-07 14:15:50,938 - INFO - Created id: 228c2a62-8877-4592-8480-dc3e920403d4
2025-04-07 14:15:50,938 - INFO - Created id: 16b1e991-9957-4872-bdae-d4b845310ce5
2025-04-07 14:15:50,938 - INFO - Created id: b4386ed7-67ab-4b06-af7e-16d67a143848
2025-04-07 14:15:50,938 - INFO - Created id: 8429cbfb-d8a2-4d2c-811b-8f75ee7e785c
2025-04-07 14:15:50,938 - INFO - Created id: 5adf73b7-02ff-44b6-90a2-412a27e5a680
2025-04-07 14:15:50,938 - INFO - Created id: 9ec36002-75d0-4e6c-83b9-573b610a03b4
2025-04-07 14:15:50,938 - INFO - Created id: d0230fc5-c0af-41b7-9c35-6afd69a89f11
2025-04-07 14:15:50,938 - INFO - Created id: 49497421-80d2-4ae6-98e3-9809c4bfe43d
2025-04-07 14:15:50,938 - INFO - Created id: 1383b75d-cddc-47d6-b3b1-361ad26e8d09
2025-04-07 14:16:29,954 - INFO - Split text into 597 sub-documents.
2025-04-07 14:16:47,898 - INFO - Created id: 71b28cb8-4cf0-4d7f-ab3d-ba1636499dff
2025-04-07 14:16:47,899 - INFO - Created id: e359c15b-84c6-4e10-abfd-f6fe5c1b4e9c
2025-04-07 14:16:47,899 - INFO - Created id: e011e097-8ca2-4724-9cae-393725a42e9f
2025-04-07 14:16:47,899 - INFO - Created id: a816f3dd-6885-4c77-bff8-60ac085fc695
2025-04-07 14:16:47,899 - INFO - Created id: a5a9d093-24de-4ab0-911d-b99e3890354a
2025-04-07 14:16:47,899 - INFO - Created id: b6b95682-e805-4048-a304-b4a7c560c598
2025-04-07 14:16:47,899 - INFO - Created id: 0b6ee111-d9c0-47a4-8f11-6c96c6f21b36
2025-04-07 14:16:47,899 - INFO - Created id: 83329e2e-6563-4b58-9b91-dde18c3d0d08
2025-04-07 14:16:47,899 - INFO - Created id: 2f51aa44-7e4f-45c4-8e4a-55a127bd3a06
2025-04-07 14:16:47,899 - INFO - Created id: 12785740-c7d6-41ee-bd45-10bb2879c53a
2025-04-07 14:16:47,900 - INFO - Created id: d114429f-539f-40b1-a291-9eb0bbad83c9
2025-04-07 14:16:47,900 - INFO - Created id: abc51e50-4b0f-4590-84f2-87e9737a177f
2025-04-07 14:16:47,900 - INFO - Created id: a3b9fa9d-96cd-4014-8409-724eefc2bc0d
2025-04-07 14:16:47,900 - INFO - Created id: f9f10865-88e5-409f-8946-f391285728c9
2025-04-07 14:16:47,900 - INFO - Created id: 8d5587d6-029b-48f5-8a16-c478b0d76457
2025-04-07 14:16:47,900 - INFO - Created id: 80666558-645f-4f10-9612-8f3fe235c9fd
2025-04-07 14:16:47,900 - INFO - Created id: a51b27ba-814a-4dec-8755-405452197aa1
2025-04-07 14:16:47,900 - INFO - Created id: 41b2d733-b613-4f20-ad6d-5d511523e200
2025-04-07 14:16:47,900 - INFO - Created id: fa292229-b0f9-4161-8293-c98e10de6268
2025-04-07 14:16:47,900 - INFO - Created id: 280c2880-2205-422c-aea3-ba8e2b4f1888
2025-04-07 14:16:47,900 - INFO - Created id: 61db6ea0-6650-44f4-a7cd-c1c07f1aa17d
2025-04-07 14:16:47,900 - INFO - Created id: 80866a12-0f47-4ceb-b49d-f4cac7b1bfa9
2025-04-07 14:16:47,900 - INFO - Created id: fa701e84-9d47-45da-ad29-4670148a3401
2025-04-07 14:16:47,900 - INFO - Created id: a8a9ba2c-8ad1-4218-b417-17f522e22630
2025-04-07 14:16:47,900 - INFO - Created id: 4bca90c0-05b4-4a3e-8fc7-bdc47b5d243d
2025-04-07 14:16:47,900 - INFO - Created id: fe9c230b-aaee-4cd6-a786-ab697c17611c
2025-04-07 14:16:47,900 - INFO - Created id: 92913ce5-007d-45d2-9d2f-edec07208072
2025-04-07 14:16:47,900 - INFO - Created id: 621a502d-c8b2-4c34-999f-22c5837d0967
2025-04-07 14:16:47,900 - INFO - Created id: 6c36162a-3ac5-4818-8b67-adae6634694c
2025-04-07 14:16:47,900 - INFO - Created id: 6a742c0a-f311-4ccf-9c7e-7d7990f2ae1e
2025-04-07 14:16:47,900 - INFO - Created id: a109d7e5-efb7-48df-bd64-1db35a6ca2f3
2025-04-07 14:16:47,900 - INFO - Created id: 1ff2d8aa-1111-43c1-a3b6-05a218df7c00
2025-04-07 14:16:47,900 - INFO - Created id: a729ef4e-29b2-47d2-a086-3533accf7c4e
2025-04-07 14:16:47,900 - INFO - Created id: 4722801d-4c2c-451c-9170-9f409216475d
2025-04-07 14:16:47,900 - INFO - Created id: f772c2ba-d973-4ae0-b721-f7f7102ea3ab
2025-04-07 14:16:47,900 - INFO - Created id: a948dc84-aea3-4eb6-8846-3b87c5fc68b8
2025-04-07 14:16:47,900 - INFO - Created id: 5eedc8f2-0295-489d-8552-153483d03f37
2025-04-07 14:16:47,900 - INFO - Created id: bedf4910-a1a7-4088-ba9f-043df72210e8
2025-04-07 14:16:47,900 - INFO - Created id: 21978567-ae8b-4fed-a04a-78d7b0634366
2025-04-07 14:16:47,900 - INFO - Created id: a36aaabc-46bd-45c8-8d9d-3ff95c2fc412
2025-04-07 14:16:47,900 - INFO - Created id: 2a6fea79-6bcb-4e59-a3dc-546f2c397a2b
2025-04-07 14:16:47,900 - INFO - Created id: dae23a65-acb9-4e40-bb56-a94653147b5b
2025-04-07 14:16:47,900 - INFO - Created id: 401d0bff-0c87-4a12-958a-e7f18ebd058b
2025-04-07 14:16:47,900 - INFO - Created id: 7d5d1bd4-6b86-45e5-a7ee-bdc01652efdd
2025-04-07 14:16:47,900 - INFO - Created id: 2a676caf-b206-466f-8ab5-915130107e67
2025-04-07 14:16:47,900 - INFO - Created id: fd031312-c5d7-4574-b606-240666612a2a
2025-04-07 14:16:47,900 - INFO - Created id: 9dec22a3-bf45-4953-b8d5-6ec2c507b9a8
2025-04-07 14:16:47,900 - INFO - Created id: 47b25301-84dd-49e4-aff5-d967f007d7b3
2025-04-07 14:16:47,900 - INFO - Created id: 3770bfba-e9c7-4011-80d5-f0eacc1a7277
2025-04-07 14:16:47,900 - INFO - Created id: 9f5e922a-1f72-454e-926c-d7d147907296
2025-04-07 14:16:47,900 - INFO - Created id: 362e75eb-4277-4dad-8a19-94663b63056b
2025-04-07 14:16:47,900 - INFO - Created id: d33f088e-5af4-45c9-9637-115faa215747
2025-04-07 14:16:47,900 - INFO - Created id: 0ff448cc-f919-464a-bc2e-aeeed13df132
2025-04-07 14:16:47,900 - INFO - Created id: 3390d3d7-4af2-460c-af0a-7bb5d2d96c2b
2025-04-07 14:16:47,900 - INFO - Created id: 76385458-f6be-4b43-82b0-99e40cc3d1fb
2025-04-07 14:16:47,900 - INFO - Created id: 2c5ecf9a-12e4-4da3-9f33-47c5e37e7a00
2025-04-07 14:16:47,900 - INFO - Created id: 69f64e65-6fc4-4478-9a76-906ae46babf5
2025-04-07 14:16:47,900 - INFO - Created id: ba8d84a5-f344-4b63-a7ef-0025a56d4a2b
2025-04-07 14:16:47,900 - INFO - Created id: 6de83268-eb37-44e3-b7f5-2b8454a25745
2025-04-07 14:16:47,900 - INFO - Created id: 833f0194-3946-4bf0-a15b-76304405ab60
2025-04-07 14:16:47,900 - INFO - Created id: 52897b70-ca05-46ed-a285-e41e03ba1959
2025-04-07 14:16:47,900 - INFO - Created id: d89fadb5-fb72-4bf5-81e6-09a6a3be174b
2025-04-07 14:16:47,900 - INFO - Created id: a84f91b5-708d-458a-94f7-f1141dc6eb7e
2025-04-07 14:16:47,900 - INFO - Created id: e6b30331-fa9d-49d7-b852-4f53c69bb15e
2025-04-07 14:16:47,900 - INFO - Created id: 6c6e8c85-b359-4af9-9603-c432fa38984c
2025-04-07 14:16:47,900 - INFO - Created id: f4c1db95-dac2-4495-b27d-bea417580e1a
2025-04-07 14:16:47,900 - INFO - Created id: 3aab7417-0f77-4e54-93ca-5f44be341b6f
2025-04-07 14:16:47,900 - INFO - Created id: 7df562de-1887-4eeb-931f-e95de9b1e916
2025-04-07 14:16:47,900 - INFO - Created id: c16ccf1c-75e2-4d24-ae83-84dff6212017
2025-04-07 14:16:47,900 - INFO - Created id: eb51adde-9a9b-4c2c-aea0-2a4ffcc43179
2025-04-07 14:16:47,900 - INFO - Created id: e1afff6d-aedc-45b7-bd56-f81a1f9ba5d2
2025-04-07 14:16:47,900 - INFO - Created id: 409eef0d-daef-45c8-8ba9-f3f061f9177b
2025-04-07 14:16:47,900 - INFO - Created id: ee09cdfc-a26f-4bb5-8b1b-675ecfdc3fcd
2025-04-07 14:16:47,900 - INFO - Created id: 91858c4b-acb7-40e2-9eb1-f12d7c8e626e
2025-04-07 14:16:47,900 - INFO - Created id: 5075b716-3b3d-409a-95b6-8c06a7749428
2025-04-07 14:16:47,900 - INFO - Created id: 0d3dcc1c-e7c8-4b89-afa8-4d7effbc6258
2025-04-07 14:16:47,900 - INFO - Created id: 7615bb3a-8fbb-48c0-82cc-da9183bad052
2025-04-07 14:16:47,900 - INFO - Created id: ca8db333-4182-4f74-8762-86077259f5cb
2025-04-07 14:16:47,900 - INFO - Created id: e2d6362e-e59f-4912-a21c-27a1d5891a9b
2025-04-07 14:16:47,900 - INFO - Created id: e6e150ab-6386-40fb-a372-e3e61f8df7ac
2025-04-07 14:16:47,900 - INFO - Created id: 354bcbc5-3b3f-4c9f-95a6-1d5252b01ac8
2025-04-07 14:16:47,901 - INFO - Created id: 2ea711e1-3bd4-4e8c-90c2-049826afa0a4
2025-04-07 14:16:47,901 - INFO - Created id: 9b0d1f05-d57e-4fc9-995d-119a221e012d
2025-04-07 14:16:47,901 - INFO - Created id: 796a241f-6a35-4e0e-9c17-54a4a2a80de7
2025-04-07 14:16:47,901 - INFO - Created id: 62d41f01-3736-4451-ac3a-fb4cd64c13bb
2025-04-07 14:16:47,901 - INFO - Created id: 6f91997b-5e96-43aa-b0eb-eae7fadda3eb
2025-04-07 14:16:47,901 - INFO - Created id: 03213fd1-dedf-45a1-b77c-4c19f7cbb8ce
2025-04-07 14:16:47,901 - INFO - Created id: e9d4bba3-d9b0-452a-ad2c-c1b1f5ebda6a
2025-04-07 14:16:47,901 - INFO - Created id: d2a8d33d-1291-45a8-8f7d-98322e66e7c7
2025-04-07 14:16:47,901 - INFO - Created id: 427bfba0-0b8c-4bde-b747-b8c55d022408
2025-04-07 14:16:47,901 - INFO - Created id: a7ce1ebd-5727-4c9a-8a75-32cb6cb8aac6
2025-04-07 14:16:47,901 - INFO - Created id: 857f1c9d-4735-4659-9e4e-de4d3b82eedf
2025-04-07 14:16:47,901 - INFO - Created id: a308b18d-f7e4-41d6-a8aa-62b66360dd25
2025-04-07 14:16:47,901 - INFO - Created id: cce87e7a-0404-4f21-91f9-164b494f4e99
2025-04-07 14:16:47,901 - INFO - Created id: 76179382-3f6b-4ae5-a087-9af28e550ab0
2025-04-07 14:16:47,901 - INFO - Created id: 67c5ee42-4d79-4ed2-a7be-b13eee8f5400
2025-04-07 14:16:47,901 - INFO - Created id: 28637f6b-a23f-4ee2-b661-4f483ff15e26
2025-04-07 14:16:47,901 - INFO - Created id: 6e07443c-b9e2-432e-b1ae-02d7aa4bf496
2025-04-07 14:16:47,901 - INFO - Created id: f55f9125-2bae-40cd-8f91-09a60a155631
2025-04-07 14:16:47,901 - INFO - Created id: 24f656c4-0d26-49ac-999f-552b2a2b3654
2025-04-07 14:16:47,901 - INFO - Created id: 42492c32-5d00-45fc-87fa-d30f6362f991
2025-04-07 14:16:47,901 - INFO - Created id: feed8f09-4407-46e3-96e2-9280821bbcb9
2025-04-07 14:16:47,901 - INFO - Created id: 56a3de68-c922-41bd-bf3a-d739831f895d
2025-04-07 14:16:47,901 - INFO - Created id: 3012d41c-4413-4705-bb34-f231f2074d41
2025-04-07 14:16:47,901 - INFO - Created id: c453148d-2d87-4808-ae18-fc3df495feb4
2025-04-07 14:16:47,901 - INFO - Created id: d913f576-0b67-47ec-9963-ee781d806220
2025-04-07 14:16:47,901 - INFO - Created id: 816229b1-08c5-4066-b377-3771cabe98fc
2025-04-07 14:16:47,901 - INFO - Created id: bc78dac8-3340-49e0-b658-efd7d2dc0be8
2025-04-07 14:16:47,901 - INFO - Created id: 899f4dfa-7c98-4901-8d91-696337b80bb2
2025-04-07 14:16:47,901 - INFO - Created id: 340dae2d-d404-46ad-9990-e2117690819b
2025-04-07 14:16:47,901 - INFO - Created id: ce6c3eb1-15f3-4762-9e32-21ad46a99ce7
2025-04-07 14:16:47,901 - INFO - Created id: efc181a4-d743-4b0d-bcde-2d784b0c1be5
2025-04-07 14:16:47,901 - INFO - Created id: d645910e-c06d-47c7-87c5-59ea96d1b195
2025-04-07 14:16:47,901 - INFO - Created id: e4b168ae-2cc6-4b79-8169-c0166022c114
2025-04-07 14:16:47,901 - INFO - Created id: 77939983-f13a-47e5-a470-a9545bf48b51
2025-04-07 14:16:47,901 - INFO - Created id: 45ffbbf6-4ceb-4e64-81f4-17db2b39ac23
2025-04-07 14:16:47,901 - INFO - Created id: f3a598cb-b8a1-46c9-a355-b13d6a8ba1b3
2025-04-07 14:16:47,901 - INFO - Created id: 62982a16-3f32-4664-81d7-63513f0c9a32
2025-04-07 14:16:47,901 - INFO - Created id: 9cf1c92a-1704-44c8-99e2-a752ff16d6c5
2025-04-07 14:16:47,901 - INFO - Created id: 31ab2a86-fc5a-4378-b01b-e1abff9714e8
2025-04-07 14:16:47,901 - INFO - Created id: 91f4a67d-6e70-40d0-9439-47336d80b5c2
2025-04-07 14:16:47,901 - INFO - Created id: 1e914bd7-d79b-4e1c-a3b6-4ef84a563672
2025-04-07 14:16:47,901 - INFO - Created id: 8e04fdba-99bb-4815-b219-7e75041bcd08
2025-04-07 14:16:47,901 - INFO - Created id: c49fd23a-cc76-47f5-b151-3dceba090992
2025-04-07 14:16:47,901 - INFO - Created id: ef39a9f7-bee4-479b-99d7-0f1d73f48ca6
2025-04-07 14:16:47,901 - INFO - Created id: a37bb50b-5166-4d80-9a31-f0e72982071c
2025-04-07 14:16:47,901 - INFO - Created id: 2b00cd9c-9542-4b7d-ae24-430f66506626
2025-04-07 14:16:47,901 - INFO - Created id: ae1cd537-b0b3-4331-995b-4e08c740f4e5
2025-04-07 14:16:47,901 - INFO - Created id: 62c850f3-b0c0-4266-b4cd-2ca52180a3b2
2025-04-07 14:16:47,901 - INFO - Created id: b5f0614a-c81a-44de-96c7-06ccfe171fde
2025-04-07 14:16:47,901 - INFO - Created id: fbe3c039-5f53-4f58-b9f6-7eb0cb972b19
2025-04-07 14:16:47,901 - INFO - Created id: e3ab76d2-b19d-4fea-842e-190305e1ae34
2025-04-07 14:16:47,901 - INFO - Created id: da586f4f-bddc-43ae-9532-6df75f8b1ecb
2025-04-07 14:16:47,901 - INFO - Created id: fe70cd3b-60d2-4e98-b7f6-e2d14a880e07
2025-04-07 14:16:47,901 - INFO - Created id: 7e9ebda3-a739-447a-9e74-c361a872bd8f
2025-04-07 14:16:47,901 - INFO - Created id: 1ac0d1b3-53da-4098-a2a5-06ebc7a27c0b
2025-04-07 14:16:47,901 - INFO - Created id: e2b5f4f6-8c9d-45f4-a8cb-c7442865d9a9
2025-04-07 14:16:47,901 - INFO - Created id: 3b0faccd-17c8-4d09-bede-cb99b74230ea
2025-04-07 14:16:47,901 - INFO - Created id: 418387b4-390a-4490-9fca-892001072c94
2025-04-07 14:16:47,901 - INFO - Created id: 5e338403-f96c-4b41-a035-f15405f3dbd9
2025-04-07 14:16:47,901 - INFO - Created id: b4b52491-a3fd-4ba7-8bea-2675ce978ae8
2025-04-07 14:16:47,901 - INFO - Created id: 5a4755cf-fc01-4680-9271-36a135c49911
2025-04-07 14:16:47,901 - INFO - Created id: e7149e10-6a0a-44db-ac90-6231a2c40b0f
2025-04-07 14:16:47,901 - INFO - Created id: d29ab1d3-9a87-4371-9655-6e70d9aa1369
2025-04-07 14:16:47,901 - INFO - Created id: 9e166386-1f03-48b7-af51-eab06e4abfc2
2025-04-07 14:16:47,901 - INFO - Created id: c63a336a-9484-4ad0-ab2a-760a50699459
2025-04-07 14:16:47,901 - INFO - Created id: eb6ffb30-a063-4e62-8059-88e0b25a0178
2025-04-07 14:16:47,901 - INFO - Created id: 17639131-3c92-48cb-a023-5d2926d8925f
2025-04-07 14:16:47,901 - INFO - Created id: 63c285be-1931-4edc-b4fc-511f05b44d2e
2025-04-07 14:16:47,901 - INFO - Created id: 9cf73904-cbb1-47cb-97e8-115ef14da5f0
2025-04-07 14:16:47,901 - INFO - Created id: eea03a79-ff9b-4028-8ef2-b3f734617493
2025-04-07 14:16:47,901 - INFO - Created id: b57a9a93-4707-4d5d-b4b7-9ccee005e6e7
2025-04-07 14:16:47,901 - INFO - Created id: 1d6a931c-d771-4717-a8f3-8669bf214371
2025-04-07 14:16:47,901 - INFO - Created id: a4848708-8ff8-4f0a-9835-d70bf3376458
2025-04-07 14:16:47,901 - INFO - Created id: 93895c61-2418-4f6e-b63d-67c275e72a8a
2025-04-07 14:16:47,901 - INFO - Created id: bc7021de-d508-4ac1-b450-898d1a4537d9
2025-04-07 14:16:47,902 - INFO - Created id: 284b9e54-b2e0-4f82-b632-777c0b53d6a2
2025-04-07 14:16:47,902 - INFO - Created id: 369aecc4-39c4-4edc-a699-d60dd470ab8d
2025-04-07 14:16:47,902 - INFO - Created id: 75a801d6-96c2-428f-aad7-2a08f8b52763
2025-04-07 14:16:47,902 - INFO - Created id: 97d04abe-cb1e-42ad-9b30-f5bc56fac8b2
2025-04-07 14:16:47,902 - INFO - Created id: 098b0976-4b51-4123-8198-0473c587e0c6
2025-04-07 14:16:47,902 - INFO - Created id: afd4065e-2f79-4c48-9aab-a780bd38f1a2
2025-04-07 14:16:47,902 - INFO - Created id: 8f0d8d6b-57ec-4dd9-8a90-d4a0a2369dc9
2025-04-07 14:16:47,902 - INFO - Created id: 4aa4375a-f57d-4e33-a472-bf0d3297e3fa
2025-04-07 14:16:47,902 - INFO - Created id: 0c7f9d8e-3af8-4c78-8165-52943cf38b09
2025-04-07 14:16:47,902 - INFO - Created id: 409ef41d-0db9-41b8-a553-0673404504b0
2025-04-07 14:16:47,902 - INFO - Created id: 6dddebb0-9b5a-4899-ae0a-f648503ad149
2025-04-07 14:16:47,902 - INFO - Created id: 52847704-af8b-4788-96a9-c56a0a3c2351
2025-04-07 14:16:47,902 - INFO - Created id: 483dd732-9d0e-4462-9cfd-d34ce0eff251
2025-04-07 14:16:47,902 - INFO - Created id: 22d34088-1bf7-41e3-80aa-2131a8be9445
2025-04-07 14:16:47,902 - INFO - Created id: 2db98e4a-4caa-4421-bcf9-e88a1c4e1259
2025-04-07 14:16:47,902 - INFO - Created id: 77ebc16c-870a-42e5-9d4e-bcaeebbf1b72
2025-04-07 14:16:47,902 - INFO - Created id: ab3bb00b-e54e-4905-ab54-08789e02ec56
2025-04-07 14:16:47,902 - INFO - Created id: 379fd2a8-0383-4276-905d-7605ab8dddc0
2025-04-07 14:16:47,902 - INFO - Created id: 07c43355-c9db-4742-a6b3-c58faef68957
2025-04-07 14:16:47,902 - INFO - Created id: 6073d5f1-2b3f-4341-a02b-60d2d856c327
2025-04-07 14:16:47,902 - INFO - Created id: 0fe30c06-2bd0-47ea-b593-2fc6aff4c329
2025-04-07 14:16:47,902 - INFO - Created id: 9254c177-12f2-4c80-945a-4396eec47493
2025-04-07 14:16:47,902 - INFO - Created id: 95f572bd-bff1-4aca-b844-3dd2c82783ae
2025-04-07 14:16:47,902 - INFO - Created id: bbd40fc2-8ed0-4f91-866e-c22e85d4a3fb
2025-04-07 14:16:47,902 - INFO - Created id: d5ab524e-1fc7-4413-8ba7-d87e38d23ac6
2025-04-07 14:16:47,902 - INFO - Created id: 58a52252-f8c4-4f00-8b75-4b78ce54828d
2025-04-07 14:16:47,902 - INFO - Created id: 7a569fc0-dbe1-4367-88ff-2eae48618623
2025-04-07 14:16:47,902 - INFO - Created id: 47448a37-1150-4504-813b-a9889724f60a
2025-04-07 14:16:47,902 - INFO - Created id: dd4c0acb-a5dd-47e7-8fb9-7bdc873966c3
2025-04-07 14:16:47,902 - INFO - Created id: b5cc131c-16f2-44fe-a717-591e9e8683d9
2025-04-07 14:16:47,902 - INFO - Created id: 2e4c5780-b2fa-4bc0-81c1-30333a95cf55
2025-04-07 14:16:47,902 - INFO - Created id: e8b72e2d-31ae-4ad8-8d60-ae576b9987c7
2025-04-07 14:16:47,902 - INFO - Created id: 3ba2067e-489b-499f-809f-6d4266034036
2025-04-07 14:16:47,902 - INFO - Created id: cb22d20a-2a79-48da-9bcd-4c737ec51ec4
2025-04-07 14:16:47,902 - INFO - Created id: fe5b0b2d-dc34-4ad1-85f7-6c6257b6f287
2025-04-07 14:16:47,902 - INFO - Created id: 3a8d4fc9-d4bb-4671-9d2b-de00a84e37d7
2025-04-07 14:16:47,902 - INFO - Created id: 4b322a10-b223-44f6-b630-546c137182a8
2025-04-07 14:16:47,902 - INFO - Created id: f5732a99-ab91-43b8-b182-24b502fe7db9
2025-04-07 14:16:47,902 - INFO - Created id: 20c74622-88a3-45bd-a17d-90288057ed08
2025-04-07 14:16:47,902 - INFO - Created id: 0bd3b8cb-b5d5-45bb-9e5e-6e148ecacb46
2025-04-07 14:16:47,902 - INFO - Created id: 8d2a7bcd-06a8-4a0b-b6e4-bea6f33aa428
2025-04-07 14:16:47,902 - INFO - Created id: 9e5da2cf-bb93-463a-b088-b027be210a6e
2025-04-07 14:16:47,902 - INFO - Created id: 6e0786a7-8d78-44cc-a988-d1086234f784
2025-04-07 14:16:47,902 - INFO - Created id: 75c2cdf7-2a6d-4c20-98a5-25a8be128e8a
2025-04-07 14:16:47,902 - INFO - Created id: 5b8f6e6a-80ee-417b-8216-1baef78df72e
2025-04-07 14:16:47,902 - INFO - Created id: 1c27012d-ccbc-4caf-999f-867d57db39db
2025-04-07 14:16:47,902 - INFO - Created id: a7e48fae-bf48-4924-a904-49c99e3e51e8
2025-04-07 14:16:47,902 - INFO - Created id: 384ca640-1c37-457c-811d-b685179b0bfa
2025-04-07 14:16:47,902 - INFO - Created id: 264efc45-89aa-491d-91e5-e67133bc097a
2025-04-07 14:16:47,902 - INFO - Created id: 3a236490-5b92-481d-9add-7121d0ad3017
2025-04-07 14:16:47,902 - INFO - Created id: 6348910e-634b-4540-9577-69633bc72c83
2025-04-07 14:16:47,902 - INFO - Created id: dd9efa1d-ea31-4179-8f1c-4d23ea989c77
2025-04-07 14:16:47,902 - INFO - Created id: 892f9655-649a-400d-b583-630fbdbf3d6e
2025-04-07 14:16:47,902 - INFO - Created id: 634d85d2-b269-4993-b3aa-0a0242675e5c
2025-04-07 14:16:47,902 - INFO - Created id: 7e119f9d-0a87-46f1-9cf3-adfcdb17a72f
2025-04-07 14:16:47,902 - INFO - Created id: c3e2f31b-913c-4f75-a76f-119b7ebde095
2025-04-07 14:16:47,902 - INFO - Created id: 544a74a0-fe42-40fb-a883-c4098cf2c36a
2025-04-07 14:16:47,902 - INFO - Created id: 5cbb79b2-ef5b-4918-8ede-fa50d374aa69
2025-04-07 14:16:47,902 - INFO - Created id: 8222a831-38bc-4636-8580-742254a416fb
2025-04-07 14:16:47,902 - INFO - Created id: de721438-f53b-44e8-ba3b-fef2e19363a3
2025-04-07 14:16:47,902 - INFO - Created id: 5ed101e9-dc00-4f51-be06-7684bf2b51d7
2025-04-07 14:16:47,902 - INFO - Created id: 4530c1a1-ccdb-40cc-a2c8-aa20c6806e58
2025-04-07 14:16:47,902 - INFO - Created id: 02007e6d-bf2c-431a-a4b9-74a53274eb57
2025-04-07 14:16:47,902 - INFO - Created id: 84d1eafb-ae8c-4055-9849-afeb46892e5c
2025-04-07 14:16:47,902 - INFO - Created id: 595e7c48-34dd-4a23-8b5e-50dc9b85c387
2025-04-07 14:16:47,902 - INFO - Created id: 5980afc8-b738-40e3-8b7d-67da7d1918fe
2025-04-07 14:16:47,902 - INFO - Created id: 89a255c6-a6d3-468d-95be-cb4b2c174e13
2025-04-07 14:16:47,902 - INFO - Created id: 1697388c-05f2-4d10-9bc3-c0ebd51fe041
2025-04-07 14:16:47,902 - INFO - Created id: 9e46f705-151e-4f99-99fb-e7e4b0ff21e2
2025-04-07 14:16:47,902 - INFO - Created id: ec1af333-f375-46f8-8b70-5bef831dccea
2025-04-07 14:16:47,902 - INFO - Created id: a34e5776-9cba-4523-8478-d5690dfabd79
2025-04-07 14:16:47,902 - INFO - Created id: 64c9eac6-718a-438c-829b-b99a98b5a501
2025-04-07 14:16:47,902 - INFO - Created id: 848919d7-7053-4a4e-b44c-1eb1a9c5a507
2025-04-07 14:16:47,902 - INFO - Created id: 97180fe3-e1c9-4e7f-b895-9bc3fe4891aa
2025-04-07 14:16:47,903 - INFO - Created id: 69bf424c-2609-4513-a711-8a2c7e90c5df
2025-04-07 14:16:47,903 - INFO - Created id: 8386c739-7efd-48e2-9705-6fc6d1d8beea
2025-04-07 14:16:47,903 - INFO - Created id: e7efda3e-de34-4e1c-aed0-b3aed447bc20
2025-04-07 14:16:47,903 - INFO - Created id: c6fe69e4-47fe-4a07-b980-44f43b823791
2025-04-07 14:16:47,903 - INFO - Created id: 0d4e67a2-9d75-4b6e-92a4-54253a694fc4
2025-04-07 14:16:47,903 - INFO - Created id: bcdfbd3a-83ad-4ec0-b4b3-2ca4a7b6718b
2025-04-07 14:16:47,903 - INFO - Created id: 138c05cf-7172-4b01-b328-60663bd9410e
2025-04-07 14:16:47,903 - INFO - Created id: 3483b40b-b651-4ebc-a95a-72feb2ee7ba5
2025-04-07 14:16:47,903 - INFO - Created id: 45690ad9-0ef3-4e0a-a6cd-f7aca05a2731
2025-04-07 14:16:47,903 - INFO - Created id: f6b00893-c73e-4fc2-88cc-bbb7377d7ea9
2025-04-07 14:16:47,903 - INFO - Created id: 3b3212f5-ae91-455e-a6ef-959eaf2b064e
2025-04-07 14:16:47,903 - INFO - Created id: 8651cdd6-be40-40bc-9bd7-5977067aee7c
2025-04-07 14:16:47,903 - INFO - Created id: ad47f5c3-1dee-4718-8e86-1849476e5cf8
2025-04-07 14:16:47,903 - INFO - Created id: bccba4e7-0ede-4c99-934b-9186f09c3744
2025-04-07 14:16:47,903 - INFO - Created id: 3d63899c-1a92-4204-bb12-82af02f29780
2025-04-07 14:16:47,903 - INFO - Created id: 0b961c88-3530-4512-9dbc-cc46695f4232
2025-04-07 14:16:47,903 - INFO - Created id: 0b9916b1-b081-4397-8ea8-46e884b26002
2025-04-07 14:16:47,903 - INFO - Created id: 6d10dfc6-21dd-4f20-8c4f-dbf791a013ab
2025-04-07 14:16:47,903 - INFO - Created id: 74ccb7d7-e78a-4ce5-a295-37082158179f
2025-04-07 14:16:47,903 - INFO - Created id: 270a894f-142a-4f9c-8e46-cef774deee94
2025-04-07 14:16:47,903 - INFO - Created id: 551c3d10-dc93-4666-965b-e81df6d7ae17
2025-04-07 14:16:47,903 - INFO - Created id: 725edde7-d85e-4ee8-babc-709cee16a126
2025-04-07 14:16:47,903 - INFO - Created id: 7d9aa608-4958-425a-acd1-e2ae5edb5161
2025-04-07 14:16:47,903 - INFO - Created id: 1352780d-10f5-452d-bc44-1fe608cd627b
2025-04-07 14:16:47,903 - INFO - Created id: cea27aad-8acb-48fc-8ce8-e6d05034bda8
2025-04-07 14:16:47,903 - INFO - Created id: 59f2cd47-b28e-4be8-bd29-3428e6ed2747
2025-04-07 14:16:47,903 - INFO - Created id: ea55bedc-9eef-4565-8134-acf1f0c38f91
2025-04-07 14:16:47,903 - INFO - Created id: b13be5f5-9041-4b4f-ac61-4ae2955888fc
2025-04-07 14:16:47,903 - INFO - Created id: 3137ed9f-0caf-44e2-a28e-15cab76a07c8
2025-04-07 14:16:47,903 - INFO - Created id: a69b480b-f103-4af5-87a7-dc56332d3ac4
2025-04-07 14:16:47,903 - INFO - Created id: d9733898-6e5c-4c9c-931a-52df2c6ddf1a
2025-04-07 14:16:47,903 - INFO - Created id: d08b3fec-f133-4bad-9af0-86653962841a
2025-04-07 14:16:47,903 - INFO - Created id: ae88b2fe-d197-45cf-8992-8abea872e46b
2025-04-07 14:16:47,903 - INFO - Created id: 151fddcc-3f7d-4209-a28d-723d494c12ae
2025-04-07 14:16:47,903 - INFO - Created id: d5906f8e-8159-4cd8-b456-f3b009e78b4c
2025-04-07 14:16:47,903 - INFO - Created id: adac654d-ea85-47ee-a670-0709fb4a1b8c
2025-04-07 14:16:47,903 - INFO - Created id: 3360f4ed-b242-4d6e-9d70-26fb81d0ed7b
2025-04-07 14:16:47,903 - INFO - Created id: 35dac129-b4a0-440a-b613-84c5074dfb9f
2025-04-07 14:16:47,903 - INFO - Created id: da1e4137-2510-41c4-a536-fd1a76e276c7
2025-04-07 14:16:47,903 - INFO - Created id: 05d1a21b-01a0-4bf6-a73d-f38c3071b44e
2025-04-07 14:16:47,903 - INFO - Created id: 8afbf0ee-f929-4b72-bc33-6d914dfd79b9
2025-04-07 14:16:47,903 - INFO - Created id: 1048795a-e7a8-4dcd-8ace-8c9f4a37f176
2025-04-07 14:16:47,903 - INFO - Created id: 64645522-b8f4-4439-9228-4e07ca7f1f0b
2025-04-07 14:16:47,903 - INFO - Created id: fa9d9515-c946-4044-b059-ea2c041099be
2025-04-07 14:16:47,903 - INFO - Created id: fe984d64-776b-4912-8700-d5a1718d291b
2025-04-07 14:16:47,903 - INFO - Created id: 2224fda4-4f28-4bd0-9a92-34493120c629
2025-04-07 14:16:47,903 - INFO - Created id: 523f0637-c176-4cac-9bce-a2d00c493546
2025-04-07 14:16:47,903 - INFO - Created id: a18816c9-7419-4c4a-ba49-2d700c0d03e4
2025-04-07 14:16:47,903 - INFO - Created id: 50453b95-9d77-4b04-bcad-f5f86742f5df
2025-04-07 14:16:47,903 - INFO - Created id: 7721074a-d99b-41c8-8e08-b289a428dece
2025-04-07 14:16:47,903 - INFO - Created id: 61033e20-b91e-46dd-81f7-3f382af3b975
2025-04-07 14:16:47,903 - INFO - Created id: fdb2bf02-6583-4682-b7b1-607d2c48ebc1
2025-04-07 14:16:47,903 - INFO - Created id: 83e2e976-c905-4fca-a76c-1a37cc1f7bcf
2025-04-07 14:16:47,903 - INFO - Created id: 22b3f5fe-f8fa-4e11-bbbb-043bd94113a3
2025-04-07 14:16:47,903 - INFO - Created id: 506605a0-0963-426e-a231-3128b28b7325
2025-04-07 14:16:47,903 - INFO - Created id: d3d304fc-e1f3-48fd-90fb-e41ee9121f57
2025-04-07 14:16:47,903 - INFO - Created id: c2e8a3fc-02be-42c4-80fe-907b90a560af
2025-04-07 14:16:47,903 - INFO - Created id: 99edd910-1e28-4aa5-9a55-bb95471e094e
2025-04-07 14:16:47,903 - INFO - Created id: b8d3ebe5-719d-4218-b1e9-d6c4c8e85df5
2025-04-07 14:16:47,903 - INFO - Created id: fc16e57e-5861-4a6e-85df-84193d9f4044
2025-04-07 14:16:47,903 - INFO - Created id: 551d01a7-36c8-41fd-b163-159ae58c3f50
2025-04-07 14:16:47,903 - INFO - Created id: ab875366-783e-4797-93d3-320d758bd1c9
2025-04-07 14:16:47,903 - INFO - Created id: c985aaa2-fed2-4387-b8df-c8e303bcabcc
2025-04-07 14:16:47,903 - INFO - Created id: 63638522-e941-4185-be3a-f3e83435c015
2025-04-07 14:16:47,903 - INFO - Created id: 31b286f3-513e-411a-899d-e76613d27eae
2025-04-07 14:16:47,903 - INFO - Created id: 181f1948-ab97-4580-9f61-59aac8035506
2025-04-07 14:16:47,903 - INFO - Created id: 70146740-30e2-4f35-8739-cda8946afa52
2025-04-07 14:16:47,903 - INFO - Created id: 4cd5d77e-7f16-4b7a-bdbb-9f7b22ac26b4
2025-04-07 14:16:47,903 - INFO - Created id: 7789231f-57e5-4a52-a727-e480c41abe9a
2025-04-07 14:16:47,903 - INFO - Created id: c4216e06-9a49-4d26-8bf9-dc94a9c982da
2025-04-07 14:16:47,903 - INFO - Created id: 319dd791-d8fa-4a99-a5b6-d307ffb7ccd0
2025-04-07 14:16:47,903 - INFO - Created id: 2c9a3b9f-3be8-4a18-b990-7cde5cd4099d
2025-04-07 14:16:47,903 - INFO - Created id: f65b1e7a-c352-4f32-9993-20fc0db81817
2025-04-07 14:16:47,903 - INFO - Created id: 3c06ace8-bf8c-4fcc-abe6-0f3992964a5b
2025-04-07 14:16:47,903 - INFO - Created id: dde6048d-d6aa-4464-9e7d-b5434389169d
2025-04-07 14:16:47,903 - INFO - Created id: c5436e11-ba86-42a2-bca2-288d7610a6e5
2025-04-07 14:16:47,903 - INFO - Created id: 70dd9327-9961-4971-a9c7-71f85641aa8c
2025-04-07 14:16:47,903 - INFO - Created id: 23173558-40ba-4121-b21b-c878759d5b10
2025-04-07 14:16:47,903 - INFO - Created id: a772a400-22c4-4276-aedd-c95172030661
2025-04-07 14:16:47,903 - INFO - Created id: 59b6214f-b465-435f-bb19-18298fc418bd
2025-04-07 14:16:47,904 - INFO - Created id: 92f47028-9184-4aa1-bcf5-bb09fa4ae0ea
2025-04-07 14:16:47,904 - INFO - Created id: f616b2b2-4451-43bf-8f59-1d0a56aad94d
2025-04-07 14:16:47,904 - INFO - Created id: 0cbc05ea-8b41-4222-a515-f0756bc97005
2025-04-07 14:16:47,904 - INFO - Created id: 64dae859-55fc-4dd9-8ba6-2cd1ed470abf
2025-04-07 14:16:47,904 - INFO - Created id: 1c1242c3-70bf-421b-8904-20c6c2062830
2025-04-07 14:16:47,904 - INFO - Created id: 30951fb2-ce76-45c2-a941-a35307bb9b5f
2025-04-07 14:16:47,904 - INFO - Created id: 51a7991e-f9bf-4801-929c-c41caf02063e
2025-04-07 14:16:47,904 - INFO - Created id: 9857e370-8e3a-448b-933e-9d71110450f3
2025-04-07 14:16:47,904 - INFO - Created id: 8b1fde18-f449-4ff8-89c8-1eca134de52e
2025-04-07 14:16:47,904 - INFO - Created id: 91b4fe53-9f76-4d74-8328-cee6419e31c3
2025-04-07 14:16:47,904 - INFO - Created id: 0b575f69-b390-4fbd-a2c3-7db9a47f0f94
2025-04-07 14:16:47,904 - INFO - Created id: 3262d578-2a76-4028-8c0f-f4e4821196e4
2025-04-07 14:16:47,904 - INFO - Created id: d463446e-dbfe-4401-8ebb-9a33256667d5
2025-04-07 14:16:47,904 - INFO - Created id: b1c00362-9113-4c8b-bf68-68e70b437dc1
2025-04-07 14:16:47,904 - INFO - Created id: 20b21d84-e165-42b7-943b-1450f4bdd4db
2025-04-07 14:16:47,904 - INFO - Created id: 5e476769-6e1b-4f86-b4c1-95a179c02990
2025-04-07 14:16:47,904 - INFO - Created id: b94ae33e-b435-44f0-b639-fb6ffaeab147
2025-04-07 14:16:47,904 - INFO - Created id: eb39a378-87db-4c5d-86ff-dd104b0a7eae
2025-04-07 14:16:47,904 - INFO - Created id: 56a9d059-a11b-4a49-9e24-98a66b2c4f83
2025-04-07 14:16:47,904 - INFO - Created id: 0bca3d61-d541-44b6-bb76-a42cc11b63a6
2025-04-07 14:16:47,904 - INFO - Created id: fe6dc7aa-6cc5-4004-a19d-93aa6f0cd2c4
2025-04-07 14:16:47,904 - INFO - Created id: 081e6462-6b45-41a2-b661-1b67a319e0b8
2025-04-07 14:16:47,904 - INFO - Created id: 865c929d-883b-46f5-9069-a35cc4cebdac
2025-04-07 14:16:47,904 - INFO - Created id: 953b3fdd-ca9b-4b21-ae10-c1e22ecb4ea0
2025-04-07 14:16:47,904 - INFO - Created id: c5fd71e6-6dc9-4483-9266-b4e95f037772
2025-04-07 14:16:47,904 - INFO - Created id: c2ca99d4-5b24-423e-8202-5fbddefb6614
2025-04-07 14:16:47,904 - INFO - Created id: fec3d9cd-e268-4c8d-b111-e8188b11378b
2025-04-07 14:16:47,904 - INFO - Created id: 673bf5ef-d3e5-46e6-a671-bffff9f63a5f
2025-04-07 14:16:47,904 - INFO - Created id: d1ea65e9-5687-40ac-8c81-c0be060915cf
2025-04-07 14:16:47,904 - INFO - Created id: c1bb65c5-8db3-4201-8c78-88c922c3067e
2025-04-07 14:16:47,904 - INFO - Created id: 676053ea-b750-4f7f-9c2d-ce8ce65f6fc0
2025-04-07 14:16:47,904 - INFO - Created id: 988a8579-a90e-461b-be61-7c99e5032fb0
2025-04-07 14:16:47,904 - INFO - Created id: 6b9055db-571f-4552-9965-80247487d901
2025-04-07 14:16:47,904 - INFO - Created id: 315bec6f-7abf-4f61-8268-b6361ecc2e90
2025-04-07 14:16:47,904 - INFO - Created id: 3706a70b-70d4-4549-896c-459401ca9503
2025-04-07 14:16:47,904 - INFO - Created id: 5dbf43f6-22a9-4535-b8e8-c4708305576e
2025-04-07 14:16:47,904 - INFO - Created id: 4706074f-d9e2-48be-aa8e-c1d96e974c02
2025-04-07 14:16:47,904 - INFO - Created id: ed3ae605-ec24-49af-ba1c-ea0cf39ef02b
2025-04-07 14:16:47,904 - INFO - Created id: 81cb255d-339a-40ab-92bf-d52d743a7d01
2025-04-07 14:16:47,904 - INFO - Created id: 9a49ae9b-fac2-471b-a40e-22fc793ae5d5
2025-04-07 14:16:47,904 - INFO - Created id: 77537b6c-7a6f-4076-b0aa-7806a5d27975
2025-04-07 14:16:47,904 - INFO - Created id: d58019a8-afa9-42c4-a6ca-65cae550d450
2025-04-07 14:16:47,904 - INFO - Created id: 38928b03-219a-49ae-b4e4-0ba9f267f5e2
2025-04-07 14:16:47,904 - INFO - Created id: bf8a0bc3-27b7-47f4-b92f-2754265905d4
2025-04-07 14:16:47,904 - INFO - Created id: e3960ff1-9a41-447b-9077-375e79f5fce3
2025-04-07 14:16:47,904 - INFO - Created id: 803ab864-26d9-47b5-a9ce-34bbe57d8162
2025-04-07 14:16:47,904 - INFO - Created id: 2eb11a0c-9b54-479f-890c-cad2d68fdfda
2025-04-07 14:16:47,904 - INFO - Created id: fe193c7f-2fd8-4aa3-a3b8-819f91cc208a
2025-04-07 14:16:47,904 - INFO - Created id: a9d440b8-2360-4e5c-92ef-3e5f95f8d4a4
2025-04-07 14:16:47,904 - INFO - Created id: 1b23f330-bb18-4ba7-a98e-c5289597a4b6
2025-04-07 14:16:47,904 - INFO - Created id: 22f6a04a-36a5-4dfd-9f7d-dda9631a33ef
2025-04-07 14:16:47,904 - INFO - Created id: 82caa3ed-2c24-4693-9d23-c7bf9b7a19cb
2025-04-07 14:16:47,904 - INFO - Created id: 2e48a1d7-5443-498d-8ce4-5be5a6f0bf14
2025-04-07 14:16:47,904 - INFO - Created id: a53feca9-546c-432e-8080-4f32d85e6945
2025-04-07 14:16:47,904 - INFO - Created id: a0845ecf-4c2a-4f39-a7c6-f0fce90ef9a4
2025-04-07 14:16:47,904 - INFO - Created id: 15672b78-ea14-40de-b0a6-ab8c90ee59e2
2025-04-07 14:16:47,904 - INFO - Created id: 12008086-359c-4cbd-8ded-698701ca0d5e
2025-04-07 14:16:47,904 - INFO - Created id: 7537dcc1-2705-4970-aded-efbbd9b98daf
2025-04-07 14:16:47,904 - INFO - Created id: 428cbc6c-64be-4ed1-83c4-4904252aba9e
2025-04-07 14:16:47,904 - INFO - Created id: 30f32599-b19c-4c5c-ad65-69826535f64b
2025-04-07 14:16:47,904 - INFO - Created id: f88f8e7f-1983-4fbe-b517-bda42e213a1a
2025-04-07 14:16:47,904 - INFO - Created id: 8484fea1-bdba-4831-aabb-f53b676fda15
2025-04-07 14:16:47,904 - INFO - Created id: e777f061-a171-453f-862c-0420432a72e6
2025-04-07 14:16:47,904 - INFO - Created id: d7b6e213-8b1b-4b0e-88bf-15f1e157c4cd
2025-04-07 14:16:47,904 - INFO - Created id: 4bb0f551-a428-4638-9a13-4696e6450e79
2025-04-07 14:16:47,904 - INFO - Created id: fc383aeb-d35b-4f7e-9bb8-2dc4dd59997f
2025-04-07 14:16:47,904 - INFO - Created id: 334cf6ac-c3eb-4d7c-9fd8-d38771a80a51
2025-04-07 14:16:47,904 - INFO - Created id: 2775138d-d7a0-43ba-9ce3-fa89d92ac506
2025-04-07 14:16:47,904 - INFO - Created id: 157e1752-ab98-4ce3-a20d-adde65b30120
2025-04-07 14:16:47,905 - INFO - Created id: e02b00dc-5f48-4a75-a05c-43d90c39f632
2025-04-07 14:16:47,905 - INFO - Created id: 48f2ff89-9f2d-4868-aeda-1e5477c1030f
2025-04-07 14:16:47,905 - INFO - Created id: b8cabd5d-3c48-4b7d-8750-2bb06da2d88c
2025-04-07 14:16:47,905 - INFO - Created id: 28f072b3-bb14-435f-854e-ebefe924f18d
2025-04-07 14:16:47,905 - INFO - Created id: 03b10dfa-69a4-43f5-b504-f240245fd95c
2025-04-07 14:16:47,905 - INFO - Created id: 84af723e-ce05-4419-8d35-d73c2b856f21
2025-04-07 14:16:47,905 - INFO - Created id: 14a56603-579b-4616-a8a3-91c1c8d4d7d4
2025-04-07 14:16:47,905 - INFO - Created id: a29b86ea-cae4-4331-8095-f23e70ae76e4
2025-04-07 14:16:47,905 - INFO - Created id: 2b1af271-19be-4d03-9d2e-1a7d9d8ee0df
2025-04-07 14:16:47,905 - INFO - Created id: a8e9e3ef-1545-4d27-9130-341f0584c3d6
2025-04-07 14:16:47,905 - INFO - Created id: 48a1685b-dbea-437e-ba23-cd6e9be67b71
2025-04-07 14:16:47,905 - INFO - Created id: 62c4cbeb-1e36-4ab9-986a-05257203e79f
2025-04-07 14:16:47,905 - INFO - Created id: 20430649-0dda-4f2a-b778-2ac24098e8bd
2025-04-07 14:16:47,905 - INFO - Created id: c257abab-9f7b-4fa0-8d67-61b8a7165e25
2025-04-07 14:16:47,905 - INFO - Created id: 32d11574-08d1-43ea-b6b2-3d894f6a9570
2025-04-07 14:16:47,905 - INFO - Created id: 7a496390-fcf9-4e6d-8f6f-4e1f3fa24aca
2025-04-07 14:16:47,905 - INFO - Created id: 38288d9a-b940-434a-bf21-71f7819079f9
2025-04-07 14:16:47,905 - INFO - Created id: 666e3b6a-98b5-4e08-bd43-36d3284b97b4
2025-04-07 14:16:47,905 - INFO - Created id: bbbf592a-a705-44a4-b0ba-e6e832a000cd
2025-04-07 14:16:47,905 - INFO - Created id: c4c2290b-a4b3-44cf-8f0a-0385f1bbed34
2025-04-07 14:16:47,905 - INFO - Created id: 7f14b805-786a-4852-a381-a8246d51d7ef
2025-04-07 14:16:47,905 - INFO - Created id: 1b626db4-43d4-4e69-8dfe-489c38f62174
2025-04-07 14:16:47,905 - INFO - Created id: 02718cd8-615c-460c-8de0-d315ecb8a1a0
2025-04-07 14:16:47,905 - INFO - Created id: 5bf2bf58-8000-45b1-a5a2-6be011f0555e
2025-04-07 14:16:47,905 - INFO - Created id: a99828aa-a8f9-4e06-9065-0bed5a073c34
2025-04-07 14:16:47,905 - INFO - Created id: a4865838-058f-407d-a3b7-2b27f52c7334
2025-04-07 14:16:47,905 - INFO - Created id: 79b707a4-7fca-4838-8590-e3211740009a
2025-04-07 14:16:47,905 - INFO - Created id: 9dd6e52e-4a14-40a0-a3f5-c0908328db0a
2025-04-07 14:16:47,905 - INFO - Created id: ea480965-e02e-44ec-b615-b6ad49d3a386
2025-04-07 14:16:47,905 - INFO - Created id: a77cbccf-41b5-4e15-bf84-de0a32eefa8e
2025-04-07 14:16:47,905 - INFO - Created id: fb56547b-f84a-4ea6-bd16-76127a9152df
2025-04-07 14:16:47,905 - INFO - Created id: 604920d0-6915-4f75-a43d-9cb085015761
2025-04-07 14:16:47,905 - INFO - Created id: f2dec9cb-89e4-452c-aee9-ac267ba4dcb3
2025-04-07 14:16:47,905 - INFO - Created id: 10c8fd04-878d-4dd7-bf1b-03d84ae31b6e
2025-04-07 14:16:47,905 - INFO - Created id: 5c79b504-d703-4178-9923-684b80691a24
2025-04-07 14:16:47,905 - INFO - Created id: 577b2e6c-5168-43da-8e13-04f047a1de9b
2025-04-07 14:16:47,905 - INFO - Created id: ad2a1097-75aa-440c-af13-c710d7debf0a
2025-04-07 14:16:47,905 - INFO - Created id: 81945beb-0e1f-488c-be82-61403fcd4032
2025-04-07 14:16:47,905 - INFO - Created id: 6437067a-20de-4c4d-b5b8-d795b2ef5a12
2025-04-07 14:16:47,905 - INFO - Created id: 5800535e-8fe7-4c88-bbce-662fbb2a76ec
2025-04-07 14:16:47,905 - INFO - Created id: f9b20614-09b2-48e6-ad2b-b880b8939916
2025-04-07 14:16:47,905 - INFO - Created id: 6482c54d-dd6a-43cb-a8f4-fb7ed228c3ad
2025-04-07 14:16:47,905 - INFO - Created id: 506566f4-4cb1-4154-ba48-4e1d05b99798
2025-04-07 14:16:47,905 - INFO - Created id: 9d168dd1-d636-410f-9ee7-07d5fd91af5e
2025-04-07 14:16:47,905 - INFO - Created id: 193592b8-acf9-4fbd-b1bb-c188af2daadd
2025-04-07 14:16:47,905 - INFO - Created id: 13e2484a-1cae-49bd-a99a-54d1d5a03702
2025-04-07 14:16:47,905 - INFO - Created id: 272ca3bd-61d9-41e3-94fb-6524a71d31d9
2025-04-07 14:16:47,906 - INFO - Created id: def63636-c084-43cf-87c3-38feddc32361
2025-04-07 14:16:47,906 - INFO - Created id: 65a43ec1-4a36-427e-b1db-ad16bbf47cc6
2025-04-07 14:16:47,906 - INFO - Created id: 3146519d-ca2f-4f71-803e-a736a65d9f53
2025-04-07 14:16:47,906 - INFO - Created id: 188f294f-da0b-46c2-913f-2640ab0f131f
2025-04-07 14:16:47,906 - INFO - Created id: 769a96e8-f8ac-43a0-8cf6-3589f167ba6e
2025-04-07 14:16:47,906 - INFO - Created id: a38c6ae8-9993-4435-b123-0cbfbc9e3e6b
2025-04-07 14:16:47,906 - INFO - Created id: e1759718-487a-4901-bc76-874dd2f3f7e2
2025-04-07 14:16:47,906 - INFO - Created id: 7203438a-0813-4f3d-b381-a22942babdc4
2025-04-07 14:16:47,906 - INFO - Created id: 24ba0fd8-ee71-401e-aa4e-2d4d1f47bff4
2025-04-07 14:16:47,906 - INFO - Created id: 55aab0be-5e09-4e81-a78a-7e955bc1bb73
2025-04-07 14:16:47,906 - INFO - Created id: d07b5dc7-f191-49ad-8a8c-f0f03197d21c
2025-04-07 14:16:47,906 - INFO - Created id: 24bb3eb8-de12-42b4-9352-3db921480f1f
2025-04-07 14:16:47,906 - INFO - Created id: bdd47a5d-b6b8-4e08-9073-79e4900483f8
2025-04-07 14:16:47,906 - INFO - Created id: 1bffe1aa-dfea-4bdb-8ab0-b1c516d8520d
2025-04-07 14:16:47,906 - INFO - Created id: 80fbf00d-cdaf-4e12-a11d-a7fb68ef8dbe
2025-04-07 14:16:47,906 - INFO - Created id: d2511da5-6b53-4102-a047-1180f29e75fe
2025-04-07 14:16:47,906 - INFO - Created id: da63b8f0-3806-4550-b322-895c3b4bb807
2025-04-07 14:16:47,906 - INFO - Created id: ee2986bf-2976-4b01-8e8e-1fbacf55e61b
2025-04-07 14:16:47,906 - INFO - Created id: a4f0b3ac-0bf7-440a-a9b9-9b1964041960
2025-04-07 14:16:47,906 - INFO - Created id: fd648649-db43-41d8-b974-1ebb56f03f1d
2025-04-07 14:16:47,906 - INFO - Created id: 0c7dbbf0-898f-41a5-88ba-ecbb65c0685a
2025-04-07 14:16:47,906 - INFO - Created id: d2cbf7ce-edef-4310-b04a-f95454e8a0ee
2025-04-07 14:16:47,906 - INFO - Created id: 3e6a151b-0a5c-4b66-8fb4-a9224762a7b5
2025-04-07 14:16:47,906 - INFO - Created id: 96d24a63-77eb-41d7-b9d2-1c795f6f402c
2025-04-07 14:16:47,906 - INFO - Created id: 04376128-1e9d-49f5-92f6-1ffebad6f0bb
2025-04-07 14:16:47,906 - INFO - Created id: 76b9122a-5b1c-4283-8538-bce464016ac3
2025-04-07 14:16:47,906 - INFO - Created id: f3c735ea-5527-45ad-8ce2-ce193a8b5b44
2025-04-07 14:16:47,906 - INFO - Created id: b04f9a00-ee26-4676-9bab-d76cbb51adf4
2025-04-07 14:16:47,906 - INFO - Created id: 3680fd1d-c4dc-4fef-9875-22aa0750c808
2025-04-07 14:16:47,906 - INFO - Created id: f22a50ea-9f55-475d-9ab6-f6e5e4865338
2025-04-07 14:16:47,906 - INFO - Created id: 64c2a670-883b-4514-b14f-9b42d99ecb90
2025-04-07 14:16:47,906 - INFO - Created id: c884e5d2-4df0-48b3-8ba9-d5a284afbd9b
2025-04-07 14:16:47,906 - INFO - Created id: 141e2a18-a18b-4967-8bd0-36ba05b2525f
2025-04-07 14:16:47,906 - INFO - Created id: 4bc83e30-cc83-4cbb-821e-e53efab121b0
2025-04-07 14:16:47,906 - INFO - Created id: 4ee8aae5-b84e-4827-a209-41812648be38
2025-04-07 14:16:47,906 - INFO - Created id: ea9d12d1-4f43-4559-9dbc-2d3a70b4441b
2025-04-07 14:16:47,906 - INFO - Created id: 775c2f65-ddd3-4624-af12-13448f0beb6a
2025-04-07 14:16:47,906 - INFO - Created id: 6cdd61f4-a4e6-4b9b-9463-44eaf9dec364
2025-04-07 14:16:47,906 - INFO - Created id: b7071528-9781-4f58-a1eb-8d2660027957
2025-04-07 14:16:47,906 - INFO - Created id: 163a60b3-f820-4b0a-b445-695e7a952f8b
2025-04-07 14:16:47,906 - INFO - Created id: f930e3c2-2113-446b-9e20-1a3f8bf43628
2025-04-07 14:16:47,906 - INFO - Created id: 42fc1ccc-1b32-485a-9981-97cf2ed8e168
2025-04-07 14:16:47,906 - INFO - Created id: 40c7e9e9-4215-4775-93b2-cd97838179d0
2025-04-07 14:16:47,906 - INFO - Created id: f485d163-a810-4f00-846e-834a3162edca
2025-04-07 14:16:47,906 - INFO - Created id: 5428aa4a-2b37-494c-8962-abb14c671c0f
2025-04-07 14:16:47,906 - INFO - Created id: 01b07638-4cdc-4c6a-9490-e43d91796f1c
2025-04-07 14:16:47,906 - INFO - Created id: e3542eb5-29c1-4f7d-bf39-61f1b288ead3
2025-04-07 14:16:47,906 - INFO - Created id: b486a19a-bd8a-4c70-a87e-1d19ccb74529
2025-04-07 14:16:47,906 - INFO - Created id: 3893a9ec-0fe8-4154-a605-90c4382e0606
2025-04-07 14:16:47,906 - INFO - Created id: 8fb0b30a-ede3-4fda-a282-beddb02723c7
2025-04-07 14:16:47,906 - INFO - Created id: 7c00aed5-5638-4487-a3ec-b43ff627745a
2025-04-07 14:16:47,906 - INFO - Created id: 8e2dc569-6363-4f78-8a28-c6562ce857f8
2025-04-07 14:16:47,906 - INFO - Created id: a23befc7-10d4-457d-bb2b-a40f452283d7
2025-04-07 14:16:47,906 - INFO - Created id: 75365d4e-daf7-48e2-bda8-bea6b8f73c17
2025-04-07 14:16:47,906 - INFO - Created id: a58695c6-7bf9-47f9-b812-722b144f60ea
2025-04-07 14:16:47,906 - INFO - Created id: a61c163e-605b-49f0-9da2-4b0622de4bd3
2025-04-07 14:16:47,906 - INFO - Created id: 1a743fe5-2116-4ee3-88a1-76da812f08fb
2025-04-07 14:16:47,906 - INFO - Created id: 31f9cce6-b3ed-44e6-8e08-38a728e923a5
2025-04-07 14:16:47,906 - INFO - Created id: 556408ce-9532-4159-9421-fc029f9a58f8
2025-04-07 14:16:47,906 - INFO - Created id: 6217312d-3f3d-4e3e-86de-5307da71a153
2025-04-07 14:16:47,906 - INFO - Created id: ac0d7e1b-67e3-4268-a40e-db0a03c9a3c9
2025-04-07 14:16:47,906 - INFO - Created id: 381c6167-ffd2-4c7e-9c16-e063b60f0e49
2025-04-07 14:16:47,906 - INFO - Created id: d08f67df-b9a8-4cf1-9c66-556fe5e679e2
2025-04-07 14:16:47,906 - INFO - Created id: dcce0ffa-55d5-4274-93db-77fd2075b2c8
2025-04-07 14:16:47,906 - INFO - Created id: 7daf89ed-1c1b-427b-a788-cdcb64a6f0a4
2025-04-07 14:16:47,906 - INFO - Created id: d7cf31c7-823d-421b-bd14-1af49fa4dd7b
2025-04-07 14:16:47,906 - INFO - Created id: 1133fa82-458c-47ab-bb7d-e3104d0b68b9
2025-04-07 14:16:47,906 - INFO - Created id: ecb76432-ac20-4e58-aba2-d5d3c39220be
2025-04-07 14:16:47,906 - INFO - Created id: b883239b-5b87-4148-b62c-baece1fb0890
2025-04-07 14:16:47,906 - INFO - Created id: 61064261-994b-453c-b93c-bb081ff3e61d
2025-04-07 14:16:47,906 - INFO - Created id: 3ef3b1fc-fc72-47df-9f7b-24d43b51c5a8
2025-04-07 14:16:47,906 - INFO - Created id: d5024ce8-29ba-4810-85c4-ea51310da740
2025-04-07 14:16:47,906 - INFO - Created id: 6102e664-29bf-412e-a96f-17584d1c914f
2025-04-07 14:16:47,906 - INFO - Created id: 048f182a-d4ff-4f23-9914-1d9d6c621526
2025-04-07 14:16:47,906 - INFO - Created id: 4c373e23-50c3-434c-90ce-73833eab4f6e
2025-04-07 14:16:47,906 - INFO - Created id: 9631f98d-2c23-45dc-8b53-510fb5194127
2025-04-07 14:16:47,907 - INFO - Created id: 05eebe06-d44f-4d4e-b7a9-e63037f5ec4a
2025-04-07 14:16:47,907 - INFO - Created id: 9d1f4526-30d4-4b2a-82eb-00dd1b547a5a
2025-04-07 14:16:47,907 - INFO - Created id: 9f5d7d1b-d42b-413c-91cf-ea8a32bdc615
2025-04-07 14:16:47,907 - INFO - Created id: f7e35da7-e466-4b5f-8cce-d77c0040a276
2025-04-07 14:16:47,907 - INFO - Created id: 76624da4-4889-40ff-b6fb-485527418fd9
2025-04-07 14:16:47,907 - INFO - Created id: 2ea904bb-0427-4153-baf6-c10cd6e10213
2025-04-07 14:16:47,907 - INFO - Created id: dba244e0-4a15-4791-9904-18d6e414fcbd
2025-04-07 14:16:47,907 - INFO - Created id: 8d88ed44-4d3a-4bec-8a74-31e6dce0f2af
2025-04-07 14:16:47,907 - INFO - Created id: 32569d9c-1458-4252-90f1-abc8d3867698
2025-04-07 14:16:47,907 - INFO - Created id: bfee561e-059e-41b4-b34e-92369b569b8f
2025-04-07 14:16:47,907 - INFO - Created id: 291581c5-a26f-441e-bf04-7906322d21a1
2025-04-07 14:16:47,907 - INFO - Created id: 9e64252e-d468-4504-8a5f-0c082b114187
2025-04-07 14:16:47,907 - INFO - Created id: 926096c7-b463-4757-b8ae-97fc3fa3f0bf
2025-04-07 14:16:47,907 - INFO - Created id: 7ae54f9c-f829-48b7-b730-7017d97a00ca
2025-04-07 14:16:47,907 - INFO - Created id: 5047c8f7-08eb-4cd8-a75e-27be2d8a3f11
2025-04-07 14:16:47,907 - INFO - Created id: 69b2b459-7ba6-49df-927c-448da159c08c
2025-04-07 14:16:47,907 - INFO - Created id: 0662c180-3354-4779-bdbb-a1cb60af6abb
2025-04-07 14:16:47,907 - INFO - Created id: 0305b066-c001-455e-a03c-1a52c120b685
2025-04-07 14:16:47,907 - INFO - Created id: e3a68765-c472-4d62-98e6-293fcafae237
2025-04-07 14:16:47,907 - INFO - Created id: 7918d8f6-dbb2-4e88-b801-7f4a0b833f87
2025-04-07 14:16:47,907 - INFO - Created id: cc9df7e9-1816-4406-b8cc-df72fd3f3837
2025-04-07 14:16:47,907 - INFO - Created id: c1e13934-43c4-4dcc-afab-f2560b4b9b4a
2025-04-07 14:16:47,907 - INFO - Created id: 6c4be650-8b92-4fa6-b2be-c3310c97a3b2
2025-04-07 14:16:47,907 - INFO - Created id: 4d56294e-a7f2-43f9-9276-9e2f40ba8f73
2025-04-07 14:16:47,907 - INFO - Created id: e9967c74-33b9-4db9-a2d2-996397ead85a
2025-04-07 14:16:47,907 - INFO - Created id: e9307f4f-cee0-4a72-be5b-a3b12ed38de3
2025-04-07 14:16:47,907 - INFO - Created id: 940caad1-abb6-4619-b2b6-b3e6c13a8c9a
2025-04-07 14:16:47,907 - INFO - Created id: 9c556816-cac8-4c3b-a0d3-e986fdf79529
2025-04-07 14:16:47,907 - INFO - Created id: 1f2f8d2b-8ab7-4ee6-b506-a35c6142faa3
2025-04-07 14:16:47,907 - INFO - Created id: 3a599de6-fa7d-40b6-acd3-881196468bd1
2025-04-07 14:16:47,907 - INFO - Created id: b1c98269-d0fa-4d57-b75c-16473d7d2d46
2025-04-07 14:16:47,907 - INFO - Created id: f84af965-701a-424d-97e4-6bd6a28d6b51
2025-04-07 14:16:47,907 - INFO - Created id: 60f1f75b-2e4e-40b7-96cb-35bdd8f99a45
2025-04-07 14:16:47,907 - INFO - Created id: fdc52bbe-7553-4171-baa7-5544c17da17d
2025-04-07 14:16:47,907 - INFO - Created id: 3ff86f6f-20eb-48be-a872-f8b9c26a1e4b
2025-04-07 14:16:47,907 - INFO - Created id: a6fe6073-0029-40ba-b565-48eb467d6e3b
2025-04-07 14:16:47,907 - INFO - Created id: 02b4180b-544c-4a7f-9cb9-aa9032c6fc20
2025-04-07 14:16:47,907 - INFO - Created id: 13d031a7-4711-4742-8693-a6668221672b
2025-04-07 14:16:47,907 - INFO - Created id: 5383a900-be85-465e-a554-305e8dae6716
2025-04-07 14:16:47,907 - INFO - Created id: fb891df3-ff87-4aa8-a004-fe27e4ac7eeb
2025-04-07 14:16:47,907 - INFO - Created id: 80a3f2fe-e98c-40f6-9ebc-678a44b73992
2025-04-07 14:16:47,907 - INFO - Created id: f0f44091-d045-4be2-b7ef-1c696124d010
2025-04-07 14:16:47,907 - INFO - Created id: 3f042a07-5990-47ab-87de-b405cf85d65d
2025-04-07 14:16:47,907 - INFO - Created id: 21490e2e-b441-44ea-9199-e777d2c20bfd
2025-04-07 14:16:47,907 - INFO - Created id: 44c7f62a-2871-4b45-9ed4-4f509e9b742e
2025-04-07 14:16:47,907 - INFO - Created id: 3b4ad41a-bf0b-4e38-94dd-62ffbccf38e6
2025-04-07 14:16:47,907 - INFO - Created id: 93aa06bd-c50b-4da0-8928-bb68faed0a5f
2025-04-07 14:16:47,907 - INFO - Created id: f8bc4be2-6a1a-47bb-b130-95c5062d7fae
2025-04-07 14:16:47,907 - INFO - Created id: 9cf8de9a-8edf-4d90-8dcd-8e41c220a2c4
2025-04-07 14:16:47,907 - INFO - Created id: 6ac24525-ad91-4747-bef8-f8e530aca2d4
2025-04-07 14:16:47,907 - INFO - Created id: de6e0e7b-4d89-4e78-8c9d-4fb9a2e39530
2025-04-07 14:16:47,907 - INFO - Created id: 00f3f688-80dd-4bb3-85ca-885fb9ff3936
2025-04-07 14:16:47,907 - INFO - Created id: 70b0a40a-0d86-4c15-a286-d8f91e4c232f
2025-04-07 14:16:47,907 - INFO - Created id: f1775b3a-7277-435a-b5f8-0c55fef3a4fc
2025-04-07 14:16:47,907 - INFO - Created id: cf34ba4a-2063-4412-a562-3b2c0f086df3
2025-04-07 14:16:47,907 - INFO - Created id: 2568d763-1770-4cfe-8efb-cfea6ae35969
2025-04-07 14:16:47,907 - INFO - Created id: 99d4e81a-024c-4537-94c8-8f689832a6ca
2025-04-07 14:16:47,907 - INFO - Created id: 19a504b9-9006-425d-93e8-f9ecf9145170
2025-04-07 14:16:47,907 - INFO - Created id: c7967c89-7be6-4d58-859f-909f560b38ac
2025-04-07 14:16:47,907 - INFO - Created id: bfebcd14-6ca5-4869-9d09-36d7b840cc64
2025-04-07 14:16:47,907 - INFO - Created id: 285d14f8-3d26-4235-86a4-ddf7b0883ae1
2025-04-07 14:16:47,907 - INFO - Created id: 556becc4-4ecc-4a98-8c0c-9cea13b26d56
2025-04-07 14:16:47,907 - INFO - Created id: 9ee98638-5eac-49a5-84a6-751007013fcb
2025-04-07 14:16:47,907 - INFO - Created id: ed919325-2fdd-49a4-9c8b-5f35dcba9634
2025-04-07 14:16:47,907 - INFO - Created id: 8416aed9-da76-46e0-b756-c074e358fe76
2025-04-07 14:16:47,907 - INFO - Created id: a786c416-a401-4166-b4ae-d2cfb163425e
2025-04-07 14:16:47,908 - INFO - Created id: 099b312a-8c8b-4ca0-8f6c-bea6a5fc84ef
2025-04-07 14:16:47,908 - INFO - Created id: da16f463-dd8c-4cbf-836e-af2ce6273a6e
2025-04-07 14:16:47,908 - INFO - Created id: 89bc7f61-10dd-4447-a4a4-6554d010adcb
2025-04-07 14:16:47,908 - INFO - Created id: c13a9429-f39a-48b6-ab06-13b1d59f4a94
2025-04-07 14:16:47,908 - INFO - Created id: 79abfc48-b2c8-4c83-b35c-66a639608cd8
2025-04-07 14:16:47,908 - INFO - Created id: 3f59e05b-c763-4950-ba96-ab8deb45508e
2025-04-07 14:16:47,908 - INFO - Created id: 5e162ac6-5d58-4167-8d4a-6c9094a4365a
2025-04-07 14:16:47,908 - INFO - Created id: 39fa12de-d290-4400-bafa-7ab4d2684da0
2025-04-07 14:16:47,908 - INFO - Created id: df37d1f2-79f3-488a-8834-c1dbcd3c5e66
2025-04-07 14:16:47,908 - INFO - Created id: 6fb2ce78-b876-4252-b2c4-a3caf50d2015
2025-04-07 14:16:47,908 - INFO - Created id: 744e326d-1123-47e1-806e-371f47633340
2025-04-07 14:16:47,908 - INFO - Created id: 25bbbb7d-d327-4162-957c-8da56c1e5e05
2025-04-07 14:16:47,908 - INFO - Created id: 39efd5dd-6498-4dc3-91b8-a9d08d25012f
2025-04-07 14:16:47,908 - INFO - Created id: 8635c5fc-8ee0-417e-a054-18ee4dbacbbf
2025-04-07 14:16:47,908 - INFO - Created id: c9a767bf-979e-44a5-a15e-f3e625c55b4a
2025-04-07 14:16:47,908 - INFO - Created id: 0f500387-8a9f-49cb-9ff3-3282a18de5fe
2025-04-07 14:16:47,908 - INFO - Created id: ecbd9ef9-d704-42ad-8ba1-9563b0faea56
2025-04-07 14:16:47,908 - INFO - Created id: 7288b103-42f5-46b7-ac12-0b80d00a2eee
2025-04-07 14:16:47,908 - INFO - Created id: cff9ca27-ee54-4b23-941b-1f9f35bf3929
2025-04-07 14:16:47,908 - INFO - Created id: 0d6a0940-0ba4-446d-b739-fb49bff3d4b3
2025-04-07 14:16:47,908 - INFO - Created id: 7f955fc6-0873-49ae-a7a2-a4c5dcf605f8
2025-04-07 14:16:47,908 - INFO - Created id: 4aa376f4-d7d1-4e45-80fe-0f1f89ecacd7
2025-04-07 14:16:47,908 - INFO - Created id: 823c8b80-3571-4316-a1c2-98f795ea9642
2025-04-07 14:16:47,908 - INFO - Created id: 305d6b82-b1b2-4e46-91da-d1cfe0d1226d
2025-04-07 14:16:47,908 - INFO - Created id: 900b439d-363f-4f1b-a453-253562040702
2025-04-07 14:16:47,908 - INFO - Created id: 8737a6a8-ef0d-4f89-83a6-1d9f73d41b27
2025-04-07 14:16:47,908 - INFO - Created id: ce7da731-c24d-45fd-8b50-ca0cdf88cc0a
2025-04-07 14:16:47,908 - INFO - Created id: 4151e352-3af3-4400-95cc-1666360f57e4
2025-04-07 14:16:47,908 - INFO - Created id: 65b5e662-9b39-4ae5-b7c7-39863d26d422
